<?xml version="1.0" encoding="utf-8"?>
<CoverageSession>
  <Summary numSequencePoints="349" visitedSequencePoints="186" numBranchPoints="0" visitedBranchPoints="0" sequenceCoverage="0" branchCoverage="0" maxCyclomaticComplexity="0" minCyclomaticComplexity="0" visitedClasses="3" numClasses="3" visitedMethods="41" numMethods="65" />
  <Modules>
    <Module hash="F8769AAD-5389-4C7F-BDAD-DA53CC077EC1">
      <ModulePath>C:\Users\smahjoub\workspace\Fractional.NET\Fractional.Tests\bin\Debug\netcoreapp2.1\Fractional.dll</ModulePath>
      <ModuleTime>2019-01-01T09:25:37</ModuleTime>
      <ModuleName>Fractional</ModuleName>
      <Files>
        <File uid="1" fullPath="C:\Users\smahjoub\workspace\Fractional.NET\Fractional\Fractional.cs" />
        <File uid="2" fullPath="C:\Users\smahjoub\workspace\Fractional.NET\Fractional\Extentions\DecimalExtentions.cs" />
        <File uid="3" fullPath="C:\Users\smahjoub\workspace\Fractional.NET\Fractional\Extentions\StringExtentions.cs" />
      </Files>
      <Classes>
        <Class>
          <Summary numSequencePoints="322" visitedSequencePoints="170" numBranchPoints="0" visitedBranchPoints="0" sequenceCoverage="0" branchCoverage="0" maxCyclomaticComplexity="0" minCyclomaticComplexity="0" visitedClasses="1" numClasses="1" visitedMethods="0" numMethods="61" />
          <FullName>Fractional.Fractional</FullName>
          <Methods>
            <Method cyclomaticComplexity="0" nPathComplexity="0" sequenceCoverage="0" branchCoverage="0" isConstructor="True" isGetter="False" isSetter="False" isStatic="True">
              <Summary numSequencePoints="6" visitedSequencePoints="6" numBranchPoints="0" visitedBranchPoints="0" sequenceCoverage="0" branchCoverage="0" maxCyclomaticComplexity="0" minCyclomaticComplexity="0" visitedClasses="0" numClasses="0" visitedMethods="1" numMethods="1" />
              <MetadataToken />
              <Name>System.Void Fractional.Fractional::.ctor(System.String)</Name>
              <FileRef uid="1" />
              <SequencePoints>
                <SequencePoint vc="108" upsid="31" ordinal="0" sl="31" sc="1" el="31" ec="2" bec="0" bev="0" fileid="1" />
                <SequencePoint vc="108" upsid="32" ordinal="1" sl="32" sc="1" el="32" ec="2" bec="0" bev="0" fileid="1" />
                <SequencePoint vc="107" upsid="33" ordinal="2" sl="33" sc="1" el="33" ec="2" bec="0" bev="0" fileid="1" />
                <SequencePoint vc="107" upsid="34" ordinal="3" sl="34" sc="1" el="34" ec="2" bec="0" bev="0" fileid="1" />
                <SequencePoint vc="108" upsid="35" ordinal="4" sl="35" sc="1" el="35" ec="2" bec="0" bev="0" fileid="1" />
                <SequencePoint vc="108" upsid="36" ordinal="5" sl="36" sc="1" el="36" ec="2" bec="0" bev="0" fileid="1" />
              </SequencePoints>
              <BranchPoints />
              <MethodPoint vc="646" upsid="0" d8p1:type="SequencePoint" ordinal="0" offset="0" sc="0" sl="31" ec="1" el="36" bec="0" bev="0" fileid="1" xmlns:d8p1="xsi" />
            </Method>
            <Method cyclomaticComplexity="0" nPathComplexity="0" sequenceCoverage="0" branchCoverage="0" isConstructor="True" isGetter="False" isSetter="False" isStatic="True">
              <Summary numSequencePoints="8" visitedSequencePoints="7" numBranchPoints="0" visitedBranchPoints="0" sequenceCoverage="0" branchCoverage="0" maxCyclomaticComplexity="0" minCyclomaticComplexity="0" visitedClasses="0" numClasses="0" visitedMethods="1" numMethods="1" />
              <MetadataToken />
              <Name>System.Void Fractional.Fractional::.ctor(System.Decimal,System.Boolean)</Name>
              <FileRef uid="1" />
              <SequencePoints>
                <SequencePoint vc="27" upsid="44" ordinal="0" sl="44" sc="1" el="44" ec="2" bec="0" bev="0" fileid="1" />
                <SequencePoint vc="27" upsid="45" ordinal="1" sl="45" sc="1" el="45" ec="2" bec="0" bev="0" fileid="1" />
                <SequencePoint vc="27" upsid="46" ordinal="2" sl="46" sc="1" el="46" ec="2" bec="0" bev="0" fileid="1" />
                <SequencePoint vc="27" upsid="47" ordinal="3" sl="47" sc="1" el="47" ec="2" bec="0" bev="0" fileid="1" />
                <SequencePoint vc="28" upsid="49" ordinal="4" sl="49" sc="1" el="49" ec="2" bec="0" bev="0" fileid="1" />
                <SequencePoint vc="24" upsid="50" ordinal="5" sl="50" sc="1" el="50" ec="2" bec="0" bev="0" fileid="1" />
                <SequencePoint vc="0" upsid="52" ordinal="6" sl="52" sc="1" el="52" ec="2" bec="0" bev="0" fileid="1" />
                <SequencePoint vc="4" upsid="53" ordinal="7" sl="53" sc="1" el="53" ec="2" bec="0" bev="0" fileid="1" />
              </SequencePoints>
              <BranchPoints />
              <MethodPoint vc="164" upsid="0" d8p1:type="SequencePoint" ordinal="1" offset="1" sc="0" sl="44" ec="1" el="53" bec="0" bev="0" fileid="1" xmlns:d8p1="xsi" />
            </Method>
            <Method cyclomaticComplexity="0" nPathComplexity="0" sequenceCoverage="0" branchCoverage="0" isConstructor="True" isGetter="False" isSetter="False" isStatic="True">
              <Summary numSequencePoints="6" visitedSequencePoints="6" numBranchPoints="0" visitedBranchPoints="0" sequenceCoverage="0" branchCoverage="0" maxCyclomaticComplexity="0" minCyclomaticComplexity="0" visitedClasses="0" numClasses="0" visitedMethods="1" numMethods="1" />
              <MetadataToken />
              <Name>System.Void Fractional.Fractional::.ctor(System.Int64,System.Int64)</Name>
              <FileRef uid="1" />
              <SequencePoints>
                <SequencePoint vc="52" upsid="62" ordinal="0" sl="62" sc="1" el="62" ec="2" bec="0" bev="0" fileid="1" />
                <SequencePoint vc="52" upsid="63" ordinal="1" sl="63" sc="1" el="63" ec="2" bec="0" bev="0" fileid="1" />
                <SequencePoint vc="52" upsid="64" ordinal="2" sl="64" sc="1" el="64" ec="2" bec="0" bev="0" fileid="1" />
                <SequencePoint vc="52" upsid="65" ordinal="3" sl="65" sc="1" el="65" ec="2" bec="0" bev="0" fileid="1" />
                <SequencePoint vc="53" upsid="67" ordinal="4" sl="67" sc="1" el="67" ec="2" bec="0" bev="0" fileid="1" />
                <SequencePoint vc="51" upsid="68" ordinal="5" sl="68" sc="1" el="68" ec="2" bec="0" bev="0" fileid="1" />
              </SequencePoints>
              <BranchPoints />
              <MethodPoint vc="312" upsid="0" d8p1:type="SequencePoint" ordinal="2" offset="2" sc="0" sl="62" ec="1" el="68" bec="0" bev="0" fileid="1" xmlns:d8p1="xsi" />
            </Method>
            <Method cyclomaticComplexity="0" nPathComplexity="0" sequenceCoverage="0" branchCoverage="0" isConstructor="False" isGetter="True" isSetter="False" isStatic="True">
              <Summary numSequencePoints="5" visitedSequencePoints="2" numBranchPoints="0" visitedBranchPoints="0" sequenceCoverage="0" branchCoverage="0" maxCyclomaticComplexity="0" minCyclomaticComplexity="0" visitedClasses="0" numClasses="0" visitedMethods="1" numMethods="1" />
              <MetadataToken />
              <Name>System.Decimal Fractional.Fractional::get_Value()</Name>
              <FileRef uid="1" />
              <SequencePoints>
                <SequencePoint vc="12" upsid="79" ordinal="0" sl="79" sc="1" el="79" ec="2" bec="0" bev="0" fileid="1" />
                <SequencePoint vc="12" upsid="80" ordinal="1" sl="80" sc="1" el="80" ec="2" bec="0" bev="0" fileid="1" />
                <SequencePoint vc="0" upsid="81" ordinal="2" sl="81" sc="1" el="81" ec="2" bec="0" bev="0" fileid="1" />
                <SequencePoint vc="0" upsid="83" ordinal="3" sl="83" sc="1" el="83" ec="2" bec="0" bev="0" fileid="1" />
                <SequencePoint vc="0" upsid="84" ordinal="4" sl="84" sc="1" el="84" ec="2" bec="0" bev="0" fileid="1" />
              </SequencePoints>
              <BranchPoints />
              <MethodPoint vc="24" upsid="0" d8p1:type="SequencePoint" ordinal="3" offset="3" sc="0" sl="79" ec="1" el="84" bec="0" bev="0" fileid="1" xmlns:d8p1="xsi" />
            </Method>
            <Method cyclomaticComplexity="0" nPathComplexity="0" sequenceCoverage="0" branchCoverage="0" isConstructor="False" isGetter="True" isSetter="False" isStatic="True">
              <Summary numSequencePoints="1" visitedSequencePoints="1" numBranchPoints="0" visitedBranchPoints="0" sequenceCoverage="0" branchCoverage="0" maxCyclomaticComplexity="0" minCyclomaticComplexity="0" visitedClasses="0" numClasses="0" visitedMethods="1" numMethods="1" />
              <MetadataToken />
              <Name>System.Int64 Fractional.Fractional::get_Numerator()</Name>
              <FileRef uid="1" />
              <SequencePoints>
                <SequencePoint vc="604" upsid="91" ordinal="0" sl="91" sc="1" el="91" ec="2" bec="0" bev="0" fileid="1" />
              </SequencePoints>
              <BranchPoints />
              <MethodPoint vc="604" upsid="0" d8p1:type="SequencePoint" ordinal="4" offset="4" sc="0" sl="91" ec="1" el="91" bec="0" bev="0" fileid="1" xmlns:d8p1="xsi" />
            </Method>
            <Method cyclomaticComplexity="0" nPathComplexity="0" sequenceCoverage="0" branchCoverage="0" isConstructor="False" isGetter="False" isSetter="True" isStatic="True">
              <Summary numSequencePoints="3" visitedSequencePoints="3" numBranchPoints="0" visitedBranchPoints="0" sequenceCoverage="0" branchCoverage="0" maxCyclomaticComplexity="0" minCyclomaticComplexity="0" visitedClasses="0" numClasses="0" visitedMethods="1" numMethods="1" />
              <MetadataToken />
              <Name>System.Void Fractional.Fractional::set_Numerator(System.Int64)</Name>
              <FileRef uid="1" />
              <SequencePoints>
                <SequencePoint vc="293" upsid="94" ordinal="0" sl="94" sc="1" el="94" ec="2" bec="0" bev="0" fileid="1" />
                <SequencePoint vc="291" upsid="95" ordinal="1" sl="95" sc="1" el="95" ec="2" bec="0" bev="0" fileid="1" />
                <SequencePoint vc="291" upsid="96" ordinal="2" sl="96" sc="1" el="96" ec="2" bec="0" bev="0" fileid="1" />
              </SequencePoints>
              <BranchPoints />
              <MethodPoint vc="875" upsid="0" d8p1:type="SequencePoint" ordinal="5" offset="5" sc="0" sl="94" ec="1" el="96" bec="0" bev="0" fileid="1" xmlns:d8p1="xsi" />
            </Method>
            <Method cyclomaticComplexity="0" nPathComplexity="0" sequenceCoverage="0" branchCoverage="0" isConstructor="False" isGetter="True" isSetter="False" isStatic="True">
              <Summary numSequencePoints="1" visitedSequencePoints="1" numBranchPoints="0" visitedBranchPoints="0" sequenceCoverage="0" branchCoverage="0" maxCyclomaticComplexity="0" minCyclomaticComplexity="0" visitedClasses="0" numClasses="0" visitedMethods="1" numMethods="1" />
              <MetadataToken />
              <Name>System.Int64 Fractional.Fractional::get_Denominator()</Name>
              <FileRef uid="1" />
              <SequencePoints>
                <SequencePoint vc="932" upsid="104" ordinal="0" sl="104" sc="1" el="104" ec="2" bec="0" bev="0" fileid="1" />
              </SequencePoints>
              <BranchPoints />
              <MethodPoint vc="932" upsid="0" d8p1:type="SequencePoint" ordinal="6" offset="6" sc="0" sl="104" ec="1" el="104" bec="0" bev="0" fileid="1" xmlns:d8p1="xsi" />
            </Method>
            <Method cyclomaticComplexity="0" nPathComplexity="0" sequenceCoverage="0" branchCoverage="0" isConstructor="False" isGetter="False" isSetter="True" isStatic="True">
              <Summary numSequencePoints="3" visitedSequencePoints="3" numBranchPoints="0" visitedBranchPoints="0" sequenceCoverage="0" branchCoverage="0" maxCyclomaticComplexity="0" minCyclomaticComplexity="0" visitedClasses="0" numClasses="0" visitedMethods="1" numMethods="1" />
              <MetadataToken />
              <Name>System.Void Fractional.Fractional::set_Denominator(System.Int64)</Name>
              <FileRef uid="1" />
              <SequencePoints>
                <SequencePoint vc="292" upsid="107" ordinal="0" sl="107" sc="1" el="107" ec="2" bec="0" bev="0" fileid="1" />
                <SequencePoint vc="293" upsid="108" ordinal="1" sl="108" sc="1" el="108" ec="2" bec="0" bev="0" fileid="1" />
                <SequencePoint vc="293" upsid="109" ordinal="2" sl="109" sc="1" el="109" ec="2" bec="0" bev="0" fileid="1" />
              </SequencePoints>
              <BranchPoints />
              <MethodPoint vc="878" upsid="0" d8p1:type="SequencePoint" ordinal="7" offset="7" sc="0" sl="107" ec="1" el="109" bec="0" bev="0" fileid="1" xmlns:d8p1="xsi" />
            </Method>
            <Method cyclomaticComplexity="0" nPathComplexity="0" sequenceCoverage="0" branchCoverage="0" isConstructor="False" isGetter="True" isSetter="False" isStatic="True">
              <Summary numSequencePoints="1" visitedSequencePoints="1" numBranchPoints="0" visitedBranchPoints="0" sequenceCoverage="0" branchCoverage="0" maxCyclomaticComplexity="0" minCyclomaticComplexity="0" visitedClasses="0" numClasses="0" visitedMethods="1" numMethods="1" />
              <MetadataToken />
              <Name>System.Boolean Fractional.Fractional::get_IsNaN()</Name>
              <FileRef uid="1" />
              <SequencePoints>
                <SequencePoint vc="290" upsid="117" ordinal="0" sl="117" sc="1" el="117" ec="2" bec="0" bev="0" fileid="1" />
              </SequencePoints>
              <BranchPoints />
              <MethodPoint vc="290" upsid="0" d8p1:type="SequencePoint" ordinal="8" offset="8" sc="0" sl="117" ec="1" el="117" bec="0" bev="0" fileid="1" xmlns:d8p1="xsi" />
            </Method>
            <Method cyclomaticComplexity="0" nPathComplexity="0" sequenceCoverage="0" branchCoverage="0" isConstructor="False" isGetter="False" isSetter="True" isStatic="True">
              <Summary numSequencePoints="3" visitedSequencePoints="3" numBranchPoints="0" visitedBranchPoints="0" sequenceCoverage="0" branchCoverage="0" maxCyclomaticComplexity="0" minCyclomaticComplexity="0" visitedClasses="0" numClasses="0" visitedMethods="1" numMethods="1" />
              <MetadataToken />
              <Name>System.Void Fractional.Fractional::set_IsNaN(System.Boolean)</Name>
              <FileRef uid="1" />
              <SequencePoints>
                <SequencePoint vc="122" upsid="119" ordinal="0" sl="119" sc="1" el="119" ec="2" bec="0" bev="0" fileid="1" />
                <SequencePoint vc="125" upsid="120" ordinal="1" sl="120" sc="1" el="120" ec="2" bec="0" bev="0" fileid="1" />
                <SequencePoint vc="124" upsid="121" ordinal="2" sl="121" sc="1" el="121" ec="2" bec="0" bev="0" fileid="1" />
              </SequencePoints>
              <BranchPoints />
              <MethodPoint vc="371" upsid="0" d8p1:type="SequencePoint" ordinal="9" offset="9" sc="0" sl="119" ec="1" el="121" bec="0" bev="0" fileid="1" xmlns:d8p1="xsi" />
            </Method>
            <Method cyclomaticComplexity="0" nPathComplexity="0" sequenceCoverage="0" branchCoverage="0" isConstructor="False" isGetter="True" isSetter="False" isStatic="True">
              <Summary numSequencePoints="18" visitedSequencePoints="9" numBranchPoints="0" visitedBranchPoints="0" sequenceCoverage="0" branchCoverage="0" maxCyclomaticComplexity="0" minCyclomaticComplexity="0" visitedClasses="0" numClasses="0" visitedMethods="1" numMethods="1" />
              <MetadataToken />
              <Name>System.String Fractional.Fractional::get_HumanRepresentation()</Name>
              <FileRef uid="1" />
              <SequencePoints>
                <SequencePoint vc="9" upsid="130" ordinal="0" sl="130" sc="1" el="130" ec="2" bec="0" bev="0" fileid="1" />
                <SequencePoint vc="9" upsid="131" ordinal="1" sl="131" sc="1" el="131" ec="2" bec="0" bev="0" fileid="1" />
                <SequencePoint vc="0" upsid="132" ordinal="2" sl="132" sc="1" el="132" ec="2" bec="0" bev="0" fileid="1" />
                <SequencePoint vc="0" upsid="134" ordinal="3" sl="134" sc="1" el="134" ec="2" bec="0" bev="0" fileid="1" />
                <SequencePoint vc="5" upsid="135" ordinal="4" sl="135" sc="1" el="135" ec="2" bec="0" bev="0" fileid="1" />
                <SequencePoint vc="5" upsid="136" ordinal="5" sl="136" sc="1" el="136" ec="2" bec="0" bev="0" fileid="1" />
                <SequencePoint vc="2" upsid="137" ordinal="6" sl="137" sc="1" el="137" ec="2" bec="0" bev="0" fileid="1" />
                <SequencePoint vc="0" upsid="139" ordinal="7" sl="139" sc="1" el="139" ec="2" bec="0" bev="0" fileid="1" />
                <SequencePoint vc="0" upsid="141" ordinal="8" sl="141" sc="1" el="141" ec="2" bec="0" bev="0" fileid="1" />
                <SequencePoint vc="1" upsid="142" ordinal="9" sl="142" sc="1" el="142" ec="2" bec="0" bev="0" fileid="1" />
                <SequencePoint vc="1" upsid="143" ordinal="10" sl="143" sc="1" el="143" ec="2" bec="0" bev="0" fileid="1" />
                <SequencePoint vc="0" upsid="145" ordinal="11" sl="145" sc="1" el="145" ec="2" bec="0" bev="0" fileid="1" />
                <SequencePoint vc="0" upsid="146" ordinal="12" sl="146" sc="1" el="146" ec="2" bec="0" bev="0" fileid="1" />
                <SequencePoint vc="0" upsid="147" ordinal="13" sl="147" sc="1" el="147" ec="2" bec="0" bev="0" fileid="1" />
                <SequencePoint vc="0" upsid="150" ordinal="14" sl="150" sc="1" el="150" ec="2" bec="0" bev="0" fileid="1" />
                <SequencePoint vc="2" upsid="151" ordinal="15" sl="151" sc="1" el="151" ec="2" bec="0" bev="0" fileid="1" />
                <SequencePoint vc="2" upsid="152" ordinal="16" sl="152" sc="1" el="152" ec="2" bec="0" bev="0" fileid="1" />
                <SequencePoint vc="0" upsid="155" ordinal="17" sl="155" sc="1" el="155" ec="2" bec="0" bev="0" fileid="1" />
              </SequencePoints>
              <BranchPoints />
              <MethodPoint vc="36" upsid="0" d8p1:type="SequencePoint" ordinal="10" offset="10" sc="0" sl="130" ec="1" el="155" bec="0" bev="0" fileid="1" xmlns:d8p1="xsi" />
            </Method>
            <Method cyclomaticComplexity="0" nPathComplexity="0" sequenceCoverage="0" branchCoverage="0" isConstructor="False" isGetter="False" isSetter="False" isStatic="True">
              <Summary numSequencePoints="4" visitedSequencePoints="3" numBranchPoints="0" visitedBranchPoints="0" sequenceCoverage="0" branchCoverage="0" maxCyclomaticComplexity="0" minCyclomaticComplexity="0" visitedClasses="0" numClasses="0" visitedMethods="1" numMethods="1" />
              <MetadataToken />
              <Name>Fractional.Fractional Fractional.Fractional::op_Addition(Fractional.Fractional,System.String)</Name>
              <FileRef uid="1" />
              <SequencePoints>
                <SequencePoint vc="4" upsid="164" ordinal="0" sl="164" sc="1" el="164" ec="2" bec="0" bev="0" fileid="1" />
                <SequencePoint vc="4" upsid="165" ordinal="1" sl="165" sc="1" el="165" ec="2" bec="0" bev="0" fileid="1" />
                <SequencePoint vc="4" upsid="167" ordinal="2" sl="167" sc="1" el="167" ec="2" bec="0" bev="0" fileid="1" />
                <SequencePoint vc="0" upsid="168" ordinal="3" sl="168" sc="1" el="168" ec="2" bec="0" bev="0" fileid="1" />
              </SequencePoints>
              <BranchPoints />
              <MethodPoint vc="12" upsid="0" d8p1:type="SequencePoint" ordinal="11" offset="11" sc="0" sl="164" ec="1" el="168" bec="0" bev="0" fileid="1" xmlns:d8p1="xsi" />
            </Method>
            <Method cyclomaticComplexity="0" nPathComplexity="0" sequenceCoverage="0" branchCoverage="0" isConstructor="False" isGetter="False" isSetter="False" isStatic="True">
              <Summary numSequencePoints="4" visitedSequencePoints="0" numBranchPoints="0" visitedBranchPoints="0" sequenceCoverage="0" branchCoverage="0" maxCyclomaticComplexity="0" minCyclomaticComplexity="0" visitedClasses="0" numClasses="0" visitedMethods="0" numMethods="1" />
              <MetadataToken />
              <Name>Fractional.Fractional Fractional.Fractional::op_Addition(Fractional.Fractional,System.Double)</Name>
              <FileRef uid="1" />
              <SequencePoints>
                <SequencePoint vc="0" upsid="171" ordinal="0" sl="171" sc="1" el="171" ec="2" bec="0" bev="0" fileid="1" />
                <SequencePoint vc="0" upsid="172" ordinal="1" sl="172" sc="1" el="172" ec="2" bec="0" bev="0" fileid="1" />
                <SequencePoint vc="0" upsid="174" ordinal="2" sl="174" sc="1" el="174" ec="2" bec="0" bev="0" fileid="1" />
                <SequencePoint vc="0" upsid="175" ordinal="3" sl="175" sc="1" el="175" ec="2" bec="0" bev="0" fileid="1" />
              </SequencePoints>
              <BranchPoints />
              <MethodPoint vc="0" upsid="0" d8p1:type="SequencePoint" ordinal="12" offset="12" sc="0" sl="171" ec="1" el="175" bec="0" bev="0" fileid="1" xmlns:d8p1="xsi" />
            </Method>
            <Method cyclomaticComplexity="0" nPathComplexity="0" sequenceCoverage="0" branchCoverage="0" isConstructor="False" isGetter="False" isSetter="False" isStatic="True">
              <Summary numSequencePoints="4" visitedSequencePoints="0" numBranchPoints="0" visitedBranchPoints="0" sequenceCoverage="0" branchCoverage="0" maxCyclomaticComplexity="0" minCyclomaticComplexity="0" visitedClasses="0" numClasses="0" visitedMethods="0" numMethods="1" />
              <MetadataToken />
              <Name>Fractional.Fractional Fractional.Fractional::op_Addition(Fractional.Fractional,System.Single)</Name>
              <FileRef uid="1" />
              <SequencePoints>
                <SequencePoint vc="0" upsid="178" ordinal="0" sl="178" sc="1" el="178" ec="2" bec="0" bev="0" fileid="1" />
                <SequencePoint vc="0" upsid="179" ordinal="1" sl="179" sc="1" el="179" ec="2" bec="0" bev="0" fileid="1" />
                <SequencePoint vc="0" upsid="181" ordinal="2" sl="181" sc="1" el="181" ec="2" bec="0" bev="0" fileid="1" />
                <SequencePoint vc="0" upsid="182" ordinal="3" sl="182" sc="1" el="182" ec="2" bec="0" bev="0" fileid="1" />
              </SequencePoints>
              <BranchPoints />
              <MethodPoint vc="0" upsid="0" d8p1:type="SequencePoint" ordinal="13" offset="13" sc="0" sl="178" ec="1" el="182" bec="0" bev="0" fileid="1" xmlns:d8p1="xsi" />
            </Method>
            <Method cyclomaticComplexity="0" nPathComplexity="0" sequenceCoverage="0" branchCoverage="0" isConstructor="False" isGetter="False" isSetter="False" isStatic="True">
              <Summary numSequencePoints="4" visitedSequencePoints="0" numBranchPoints="0" visitedBranchPoints="0" sequenceCoverage="0" branchCoverage="0" maxCyclomaticComplexity="0" minCyclomaticComplexity="0" visitedClasses="0" numClasses="0" visitedMethods="0" numMethods="1" />
              <MetadataToken />
              <Name>Fractional.Fractional Fractional.Fractional::op_Addition(Fractional.Fractional,System.Int64)</Name>
              <FileRef uid="1" />
              <SequencePoints>
                <SequencePoint vc="0" upsid="185" ordinal="0" sl="185" sc="1" el="185" ec="2" bec="0" bev="0" fileid="1" />
                <SequencePoint vc="0" upsid="186" ordinal="1" sl="186" sc="1" el="186" ec="2" bec="0" bev="0" fileid="1" />
                <SequencePoint vc="0" upsid="188" ordinal="2" sl="188" sc="1" el="188" ec="2" bec="0" bev="0" fileid="1" />
                <SequencePoint vc="0" upsid="189" ordinal="3" sl="189" sc="1" el="189" ec="2" bec="0" bev="0" fileid="1" />
              </SequencePoints>
              <BranchPoints />
              <MethodPoint vc="0" upsid="0" d8p1:type="SequencePoint" ordinal="14" offset="14" sc="0" sl="185" ec="1" el="189" bec="0" bev="0" fileid="1" xmlns:d8p1="xsi" />
            </Method>
            <Method cyclomaticComplexity="0" nPathComplexity="0" sequenceCoverage="0" branchCoverage="0" isConstructor="False" isGetter="False" isSetter="False" isStatic="True">
              <Summary numSequencePoints="4" visitedSequencePoints="0" numBranchPoints="0" visitedBranchPoints="0" sequenceCoverage="0" branchCoverage="0" maxCyclomaticComplexity="0" minCyclomaticComplexity="0" visitedClasses="0" numClasses="0" visitedMethods="0" numMethods="1" />
              <MetadataToken />
              <Name>Fractional.Fractional Fractional.Fractional::op_Addition(Fractional.Fractional,System.Int32)</Name>
              <FileRef uid="1" />
              <SequencePoints>
                <SequencePoint vc="0" upsid="192" ordinal="0" sl="192" sc="1" el="192" ec="2" bec="0" bev="0" fileid="1" />
                <SequencePoint vc="0" upsid="193" ordinal="1" sl="193" sc="1" el="193" ec="2" bec="0" bev="0" fileid="1" />
                <SequencePoint vc="0" upsid="195" ordinal="2" sl="195" sc="1" el="195" ec="2" bec="0" bev="0" fileid="1" />
                <SequencePoint vc="0" upsid="196" ordinal="3" sl="196" sc="1" el="196" ec="2" bec="0" bev="0" fileid="1" />
              </SequencePoints>
              <BranchPoints />
              <MethodPoint vc="0" upsid="0" d8p1:type="SequencePoint" ordinal="15" offset="15" sc="0" sl="192" ec="1" el="196" bec="0" bev="0" fileid="1" xmlns:d8p1="xsi" />
            </Method>
            <Method cyclomaticComplexity="0" nPathComplexity="0" sequenceCoverage="0" branchCoverage="0" isConstructor="False" isGetter="False" isSetter="False" isStatic="True">
              <Summary numSequencePoints="4" visitedSequencePoints="0" numBranchPoints="0" visitedBranchPoints="0" sequenceCoverage="0" branchCoverage="0" maxCyclomaticComplexity="0" minCyclomaticComplexity="0" visitedClasses="0" numClasses="0" visitedMethods="0" numMethods="1" />
              <MetadataToken />
              <Name>Fractional.Fractional Fractional.Fractional::op_Addition(Fractional.Fractional,System.Int16)</Name>
              <FileRef uid="1" />
              <SequencePoints>
                <SequencePoint vc="0" upsid="199" ordinal="0" sl="199" sc="1" el="199" ec="2" bec="0" bev="0" fileid="1" />
                <SequencePoint vc="0" upsid="200" ordinal="1" sl="200" sc="1" el="200" ec="2" bec="0" bev="0" fileid="1" />
                <SequencePoint vc="0" upsid="202" ordinal="2" sl="202" sc="1" el="202" ec="2" bec="0" bev="0" fileid="1" />
                <SequencePoint vc="0" upsid="203" ordinal="3" sl="203" sc="1" el="203" ec="2" bec="0" bev="0" fileid="1" />
              </SequencePoints>
              <BranchPoints />
              <MethodPoint vc="0" upsid="0" d8p1:type="SequencePoint" ordinal="16" offset="16" sc="0" sl="199" ec="1" el="203" bec="0" bev="0" fileid="1" xmlns:d8p1="xsi" />
            </Method>
            <Method cyclomaticComplexity="0" nPathComplexity="0" sequenceCoverage="0" branchCoverage="0" isConstructor="False" isGetter="False" isSetter="False" isStatic="True">
              <Summary numSequencePoints="4" visitedSequencePoints="3" numBranchPoints="0" visitedBranchPoints="0" sequenceCoverage="0" branchCoverage="0" maxCyclomaticComplexity="0" minCyclomaticComplexity="0" visitedClasses="0" numClasses="0" visitedMethods="1" numMethods="1" />
              <MetadataToken />
              <Name>Fractional.Fractional Fractional.Fractional::op_Addition(Fractional.Fractional,System.Decimal)</Name>
              <FileRef uid="1" />
              <SequencePoints>
                <SequencePoint vc="4" upsid="206" ordinal="0" sl="206" sc="1" el="206" ec="2" bec="0" bev="0" fileid="1" />
                <SequencePoint vc="4" upsid="207" ordinal="1" sl="207" sc="1" el="207" ec="2" bec="0" bev="0" fileid="1" />
                <SequencePoint vc="4" upsid="209" ordinal="2" sl="209" sc="1" el="209" ec="2" bec="0" bev="0" fileid="1" />
                <SequencePoint vc="0" upsid="210" ordinal="3" sl="210" sc="1" el="210" ec="2" bec="0" bev="0" fileid="1" />
              </SequencePoints>
              <BranchPoints />
              <MethodPoint vc="12" upsid="0" d8p1:type="SequencePoint" ordinal="17" offset="17" sc="0" sl="206" ec="1" el="210" bec="0" bev="0" fileid="1" xmlns:d8p1="xsi" />
            </Method>
            <Method cyclomaticComplexity="0" nPathComplexity="0" sequenceCoverage="0" branchCoverage="0" isConstructor="False" isGetter="False" isSetter="False" isStatic="True">
              <Summary numSequencePoints="3" visitedSequencePoints="2" numBranchPoints="0" visitedBranchPoints="0" sequenceCoverage="0" branchCoverage="0" maxCyclomaticComplexity="0" minCyclomaticComplexity="0" visitedClasses="0" numClasses="0" visitedMethods="1" numMethods="1" />
              <MetadataToken />
              <Name>Fractional.Fractional Fractional.Fractional::op_Addition(Fractional.Fractional,Fractional.Fractional)</Name>
              <FileRef uid="1" />
              <SequencePoints>
                <SequencePoint vc="8" upsid="213" ordinal="0" sl="213" sc="1" el="213" ec="2" bec="0" bev="0" fileid="1" />
                <SequencePoint vc="8" upsid="214" ordinal="1" sl="214" sc="1" el="214" ec="2" bec="0" bev="0" fileid="1" />
                <SequencePoint vc="0" upsid="215" ordinal="2" sl="215" sc="1" el="215" ec="2" bec="0" bev="0" fileid="1" />
              </SequencePoints>
              <BranchPoints />
              <MethodPoint vc="16" upsid="0" d8p1:type="SequencePoint" ordinal="18" offset="18" sc="0" sl="213" ec="1" el="215" bec="0" bev="0" fileid="1" xmlns:d8p1="xsi" />
            </Method>
            <Method cyclomaticComplexity="0" nPathComplexity="0" sequenceCoverage="0" branchCoverage="0" isConstructor="False" isGetter="False" isSetter="False" isStatic="True">
              <Summary numSequencePoints="6" visitedSequencePoints="5" numBranchPoints="0" visitedBranchPoints="0" sequenceCoverage="0" branchCoverage="0" maxCyclomaticComplexity="0" minCyclomaticComplexity="0" visitedClasses="0" numClasses="0" visitedMethods="1" numMethods="1" />
              <MetadataToken />
              <Name>Fractional.Fractional Fractional.Fractional::Addition(Fractional.Fractional,Fractional.Fractional)</Name>
              <FileRef uid="1" />
              <SequencePoints>
                <SequencePoint vc="12" upsid="218" ordinal="0" sl="218" sc="1" el="218" ec="2" bec="0" bev="0" fileid="1" />
                <SequencePoint vc="12" upsid="219" ordinal="1" sl="219" sc="1" el="219" ec="2" bec="0" bev="0" fileid="1" />
                <SequencePoint vc="12" upsid="221" ordinal="2" sl="221" sc="1" el="221" ec="2" bec="0" bev="0" fileid="1" />
                <SequencePoint vc="12" upsid="222" ordinal="3" sl="222" sc="1" el="222" ec="2" bec="0" bev="0" fileid="1" />
                <SequencePoint vc="12" upsid="224" ordinal="4" sl="224" sc="1" el="224" ec="2" bec="0" bev="0" fileid="1" />
                <SequencePoint vc="0" upsid="225" ordinal="5" sl="225" sc="1" el="225" ec="2" bec="0" bev="0" fileid="1" />
              </SequencePoints>
              <BranchPoints />
              <MethodPoint vc="60" upsid="0" d8p1:type="SequencePoint" ordinal="19" offset="19" sc="0" sl="218" ec="1" el="225" bec="0" bev="0" fileid="1" xmlns:d8p1="xsi" />
            </Method>
            <Method cyclomaticComplexity="0" nPathComplexity="0" sequenceCoverage="0" branchCoverage="0" isConstructor="False" isGetter="False" isSetter="False" isStatic="True">
              <Summary numSequencePoints="4" visitedSequencePoints="3" numBranchPoints="0" visitedBranchPoints="0" sequenceCoverage="0" branchCoverage="0" maxCyclomaticComplexity="0" minCyclomaticComplexity="0" visitedClasses="0" numClasses="0" visitedMethods="1" numMethods="1" />
              <MetadataToken />
              <Name>Fractional.Fractional Fractional.Fractional::op_Subtraction(Fractional.Fractional,System.String)</Name>
              <FileRef uid="1" />
              <SequencePoints>
                <SequencePoint vc="4" upsid="231" ordinal="0" sl="231" sc="1" el="231" ec="2" bec="0" bev="0" fileid="1" />
                <SequencePoint vc="4" upsid="232" ordinal="1" sl="232" sc="1" el="232" ec="2" bec="0" bev="0" fileid="1" />
                <SequencePoint vc="4" upsid="234" ordinal="2" sl="234" sc="1" el="234" ec="2" bec="0" bev="0" fileid="1" />
                <SequencePoint vc="0" upsid="235" ordinal="3" sl="235" sc="1" el="235" ec="2" bec="0" bev="0" fileid="1" />
              </SequencePoints>
              <BranchPoints />
              <MethodPoint vc="12" upsid="0" d8p1:type="SequencePoint" ordinal="20" offset="20" sc="0" sl="231" ec="1" el="235" bec="0" bev="0" fileid="1" xmlns:d8p1="xsi" />
            </Method>
            <Method cyclomaticComplexity="0" nPathComplexity="0" sequenceCoverage="0" branchCoverage="0" isConstructor="False" isGetter="False" isSetter="False" isStatic="True">
              <Summary numSequencePoints="4" visitedSequencePoints="0" numBranchPoints="0" visitedBranchPoints="0" sequenceCoverage="0" branchCoverage="0" maxCyclomaticComplexity="0" minCyclomaticComplexity="0" visitedClasses="0" numClasses="0" visitedMethods="0" numMethods="1" />
              <MetadataToken />
              <Name>Fractional.Fractional Fractional.Fractional::op_Subtraction(Fractional.Fractional,System.Double)</Name>
              <FileRef uid="1" />
              <SequencePoints>
                <SequencePoint vc="0" upsid="238" ordinal="0" sl="238" sc="1" el="238" ec="2" bec="0" bev="0" fileid="1" />
                <SequencePoint vc="0" upsid="239" ordinal="1" sl="239" sc="1" el="239" ec="2" bec="0" bev="0" fileid="1" />
                <SequencePoint vc="0" upsid="241" ordinal="2" sl="241" sc="1" el="241" ec="2" bec="0" bev="0" fileid="1" />
                <SequencePoint vc="0" upsid="242" ordinal="3" sl="242" sc="1" el="242" ec="2" bec="0" bev="0" fileid="1" />
              </SequencePoints>
              <BranchPoints />
              <MethodPoint vc="0" upsid="0" d8p1:type="SequencePoint" ordinal="21" offset="21" sc="0" sl="238" ec="1" el="242" bec="0" bev="0" fileid="1" xmlns:d8p1="xsi" />
            </Method>
            <Method cyclomaticComplexity="0" nPathComplexity="0" sequenceCoverage="0" branchCoverage="0" isConstructor="False" isGetter="False" isSetter="False" isStatic="True">
              <Summary numSequencePoints="4" visitedSequencePoints="0" numBranchPoints="0" visitedBranchPoints="0" sequenceCoverage="0" branchCoverage="0" maxCyclomaticComplexity="0" minCyclomaticComplexity="0" visitedClasses="0" numClasses="0" visitedMethods="0" numMethods="1" />
              <MetadataToken />
              <Name>Fractional.Fractional Fractional.Fractional::op_Subtraction(Fractional.Fractional,System.Single)</Name>
              <FileRef uid="1" />
              <SequencePoints>
                <SequencePoint vc="0" upsid="245" ordinal="0" sl="245" sc="1" el="245" ec="2" bec="0" bev="0" fileid="1" />
                <SequencePoint vc="0" upsid="246" ordinal="1" sl="246" sc="1" el="246" ec="2" bec="0" bev="0" fileid="1" />
                <SequencePoint vc="0" upsid="248" ordinal="2" sl="248" sc="1" el="248" ec="2" bec="0" bev="0" fileid="1" />
                <SequencePoint vc="0" upsid="249" ordinal="3" sl="249" sc="1" el="249" ec="2" bec="0" bev="0" fileid="1" />
              </SequencePoints>
              <BranchPoints />
              <MethodPoint vc="0" upsid="0" d8p1:type="SequencePoint" ordinal="22" offset="22" sc="0" sl="245" ec="1" el="249" bec="0" bev="0" fileid="1" xmlns:d8p1="xsi" />
            </Method>
            <Method cyclomaticComplexity="0" nPathComplexity="0" sequenceCoverage="0" branchCoverage="0" isConstructor="False" isGetter="False" isSetter="False" isStatic="True">
              <Summary numSequencePoints="4" visitedSequencePoints="0" numBranchPoints="0" visitedBranchPoints="0" sequenceCoverage="0" branchCoverage="0" maxCyclomaticComplexity="0" minCyclomaticComplexity="0" visitedClasses="0" numClasses="0" visitedMethods="0" numMethods="1" />
              <MetadataToken />
              <Name>Fractional.Fractional Fractional.Fractional::op_Subtraction(Fractional.Fractional,System.Int64)</Name>
              <FileRef uid="1" />
              <SequencePoints>
                <SequencePoint vc="0" upsid="252" ordinal="0" sl="252" sc="1" el="252" ec="2" bec="0" bev="0" fileid="1" />
                <SequencePoint vc="0" upsid="253" ordinal="1" sl="253" sc="1" el="253" ec="2" bec="0" bev="0" fileid="1" />
                <SequencePoint vc="0" upsid="255" ordinal="2" sl="255" sc="1" el="255" ec="2" bec="0" bev="0" fileid="1" />
                <SequencePoint vc="0" upsid="256" ordinal="3" sl="256" sc="1" el="256" ec="2" bec="0" bev="0" fileid="1" />
              </SequencePoints>
              <BranchPoints />
              <MethodPoint vc="0" upsid="0" d8p1:type="SequencePoint" ordinal="23" offset="23" sc="0" sl="252" ec="1" el="256" bec="0" bev="0" fileid="1" xmlns:d8p1="xsi" />
            </Method>
            <Method cyclomaticComplexity="0" nPathComplexity="0" sequenceCoverage="0" branchCoverage="0" isConstructor="False" isGetter="False" isSetter="False" isStatic="True">
              <Summary numSequencePoints="4" visitedSequencePoints="0" numBranchPoints="0" visitedBranchPoints="0" sequenceCoverage="0" branchCoverage="0" maxCyclomaticComplexity="0" minCyclomaticComplexity="0" visitedClasses="0" numClasses="0" visitedMethods="0" numMethods="1" />
              <MetadataToken />
              <Name>Fractional.Fractional Fractional.Fractional::op_Subtraction(Fractional.Fractional,System.Int32)</Name>
              <FileRef uid="1" />
              <SequencePoints>
                <SequencePoint vc="0" upsid="259" ordinal="0" sl="259" sc="1" el="259" ec="2" bec="0" bev="0" fileid="1" />
                <SequencePoint vc="0" upsid="260" ordinal="1" sl="260" sc="1" el="260" ec="2" bec="0" bev="0" fileid="1" />
                <SequencePoint vc="0" upsid="262" ordinal="2" sl="262" sc="1" el="262" ec="2" bec="0" bev="0" fileid="1" />
                <SequencePoint vc="0" upsid="263" ordinal="3" sl="263" sc="1" el="263" ec="2" bec="0" bev="0" fileid="1" />
              </SequencePoints>
              <BranchPoints />
              <MethodPoint vc="0" upsid="0" d8p1:type="SequencePoint" ordinal="24" offset="24" sc="0" sl="259" ec="1" el="263" bec="0" bev="0" fileid="1" xmlns:d8p1="xsi" />
            </Method>
            <Method cyclomaticComplexity="0" nPathComplexity="0" sequenceCoverage="0" branchCoverage="0" isConstructor="False" isGetter="False" isSetter="False" isStatic="True">
              <Summary numSequencePoints="4" visitedSequencePoints="0" numBranchPoints="0" visitedBranchPoints="0" sequenceCoverage="0" branchCoverage="0" maxCyclomaticComplexity="0" minCyclomaticComplexity="0" visitedClasses="0" numClasses="0" visitedMethods="0" numMethods="1" />
              <MetadataToken />
              <Name>Fractional.Fractional Fractional.Fractional::op_Subtraction(Fractional.Fractional,System.Int16)</Name>
              <FileRef uid="1" />
              <SequencePoints>
                <SequencePoint vc="0" upsid="266" ordinal="0" sl="266" sc="1" el="266" ec="2" bec="0" bev="0" fileid="1" />
                <SequencePoint vc="0" upsid="267" ordinal="1" sl="267" sc="1" el="267" ec="2" bec="0" bev="0" fileid="1" />
                <SequencePoint vc="0" upsid="269" ordinal="2" sl="269" sc="1" el="269" ec="2" bec="0" bev="0" fileid="1" />
                <SequencePoint vc="0" upsid="270" ordinal="3" sl="270" sc="1" el="270" ec="2" bec="0" bev="0" fileid="1" />
              </SequencePoints>
              <BranchPoints />
              <MethodPoint vc="0" upsid="0" d8p1:type="SequencePoint" ordinal="25" offset="25" sc="0" sl="266" ec="1" el="270" bec="0" bev="0" fileid="1" xmlns:d8p1="xsi" />
            </Method>
            <Method cyclomaticComplexity="0" nPathComplexity="0" sequenceCoverage="0" branchCoverage="0" isConstructor="False" isGetter="False" isSetter="False" isStatic="True">
              <Summary numSequencePoints="4" visitedSequencePoints="3" numBranchPoints="0" visitedBranchPoints="0" sequenceCoverage="0" branchCoverage="0" maxCyclomaticComplexity="0" minCyclomaticComplexity="0" visitedClasses="0" numClasses="0" visitedMethods="1" numMethods="1" />
              <MetadataToken />
              <Name>Fractional.Fractional Fractional.Fractional::op_Subtraction(Fractional.Fractional,System.Decimal)</Name>
              <FileRef uid="1" />
              <SequencePoints>
                <SequencePoint vc="4" upsid="273" ordinal="0" sl="273" sc="1" el="273" ec="2" bec="0" bev="0" fileid="1" />
                <SequencePoint vc="4" upsid="274" ordinal="1" sl="274" sc="1" el="274" ec="2" bec="0" bev="0" fileid="1" />
                <SequencePoint vc="4" upsid="276" ordinal="2" sl="276" sc="1" el="276" ec="2" bec="0" bev="0" fileid="1" />
                <SequencePoint vc="0" upsid="277" ordinal="3" sl="277" sc="1" el="277" ec="2" bec="0" bev="0" fileid="1" />
              </SequencePoints>
              <BranchPoints />
              <MethodPoint vc="12" upsid="0" d8p1:type="SequencePoint" ordinal="26" offset="26" sc="0" sl="273" ec="1" el="277" bec="0" bev="0" fileid="1" xmlns:d8p1="xsi" />
            </Method>
            <Method cyclomaticComplexity="0" nPathComplexity="0" sequenceCoverage="0" branchCoverage="0" isConstructor="False" isGetter="False" isSetter="False" isStatic="True">
              <Summary numSequencePoints="3" visitedSequencePoints="2" numBranchPoints="0" visitedBranchPoints="0" sequenceCoverage="0" branchCoverage="0" maxCyclomaticComplexity="0" minCyclomaticComplexity="0" visitedClasses="0" numClasses="0" visitedMethods="1" numMethods="1" />
              <MetadataToken />
              <Name>Fractional.Fractional Fractional.Fractional::op_Subtraction(Fractional.Fractional,Fractional.Fractional)</Name>
              <FileRef uid="1" />
              <SequencePoints>
                <SequencePoint vc="8" upsid="280" ordinal="0" sl="280" sc="1" el="280" ec="2" bec="0" bev="0" fileid="1" />
                <SequencePoint vc="8" upsid="281" ordinal="1" sl="281" sc="1" el="281" ec="2" bec="0" bev="0" fileid="1" />
                <SequencePoint vc="0" upsid="282" ordinal="2" sl="282" sc="1" el="282" ec="2" bec="0" bev="0" fileid="1" />
              </SequencePoints>
              <BranchPoints />
              <MethodPoint vc="16" upsid="0" d8p1:type="SequencePoint" ordinal="27" offset="27" sc="0" sl="280" ec="1" el="282" bec="0" bev="0" fileid="1" xmlns:d8p1="xsi" />
            </Method>
            <Method cyclomaticComplexity="0" nPathComplexity="0" sequenceCoverage="0" branchCoverage="0" isConstructor="False" isGetter="False" isSetter="False" isStatic="True">
              <Summary numSequencePoints="6" visitedSequencePoints="5" numBranchPoints="0" visitedBranchPoints="0" sequenceCoverage="0" branchCoverage="0" maxCyclomaticComplexity="0" minCyclomaticComplexity="0" visitedClasses="0" numClasses="0" visitedMethods="1" numMethods="1" />
              <MetadataToken />
              <Name>Fractional.Fractional Fractional.Fractional::Subtraction(Fractional.Fractional,Fractional.Fractional)</Name>
              <FileRef uid="1" />
              <SequencePoints>
                <SequencePoint vc="12" upsid="286" ordinal="0" sl="286" sc="1" el="286" ec="2" bec="0" bev="0" fileid="1" />
                <SequencePoint vc="12" upsid="287" ordinal="1" sl="287" sc="1" el="287" ec="2" bec="0" bev="0" fileid="1" />
                <SequencePoint vc="12" upsid="289" ordinal="2" sl="289" sc="1" el="289" ec="2" bec="0" bev="0" fileid="1" />
                <SequencePoint vc="12" upsid="290" ordinal="3" sl="290" sc="1" el="290" ec="2" bec="0" bev="0" fileid="1" />
                <SequencePoint vc="12" upsid="292" ordinal="4" sl="292" sc="1" el="292" ec="2" bec="0" bev="0" fileid="1" />
                <SequencePoint vc="0" upsid="293" ordinal="5" sl="293" sc="1" el="293" ec="2" bec="0" bev="0" fileid="1" />
              </SequencePoints>
              <BranchPoints />
              <MethodPoint vc="60" upsid="0" d8p1:type="SequencePoint" ordinal="28" offset="28" sc="0" sl="286" ec="1" el="293" bec="0" bev="0" fileid="1" xmlns:d8p1="xsi" />
            </Method>
            <Method cyclomaticComplexity="0" nPathComplexity="0" sequenceCoverage="0" branchCoverage="0" isConstructor="False" isGetter="False" isSetter="False" isStatic="True">
              <Summary numSequencePoints="4" visitedSequencePoints="3" numBranchPoints="0" visitedBranchPoints="0" sequenceCoverage="0" branchCoverage="0" maxCyclomaticComplexity="0" minCyclomaticComplexity="0" visitedClasses="0" numClasses="0" visitedMethods="1" numMethods="1" />
              <MetadataToken />
              <Name>Fractional.Fractional Fractional.Fractional::op_Multiply(Fractional.Fractional,System.String)</Name>
              <FileRef uid="1" />
              <SequencePoints>
                <SequencePoint vc="4" upsid="299" ordinal="0" sl="299" sc="1" el="299" ec="2" bec="0" bev="0" fileid="1" />
                <SequencePoint vc="4" upsid="300" ordinal="1" sl="300" sc="1" el="300" ec="2" bec="0" bev="0" fileid="1" />
                <SequencePoint vc="4" upsid="302" ordinal="2" sl="302" sc="1" el="302" ec="2" bec="0" bev="0" fileid="1" />
                <SequencePoint vc="0" upsid="303" ordinal="3" sl="303" sc="1" el="303" ec="2" bec="0" bev="0" fileid="1" />
              </SequencePoints>
              <BranchPoints />
              <MethodPoint vc="12" upsid="0" d8p1:type="SequencePoint" ordinal="29" offset="29" sc="0" sl="299" ec="1" el="303" bec="0" bev="0" fileid="1" xmlns:d8p1="xsi" />
            </Method>
            <Method cyclomaticComplexity="0" nPathComplexity="0" sequenceCoverage="0" branchCoverage="0" isConstructor="False" isGetter="False" isSetter="False" isStatic="True">
              <Summary numSequencePoints="4" visitedSequencePoints="0" numBranchPoints="0" visitedBranchPoints="0" sequenceCoverage="0" branchCoverage="0" maxCyclomaticComplexity="0" minCyclomaticComplexity="0" visitedClasses="0" numClasses="0" visitedMethods="0" numMethods="1" />
              <MetadataToken />
              <Name>Fractional.Fractional Fractional.Fractional::op_Multiply(Fractional.Fractional,System.Double)</Name>
              <FileRef uid="1" />
              <SequencePoints>
                <SequencePoint vc="0" upsid="306" ordinal="0" sl="306" sc="1" el="306" ec="2" bec="0" bev="0" fileid="1" />
                <SequencePoint vc="0" upsid="307" ordinal="1" sl="307" sc="1" el="307" ec="2" bec="0" bev="0" fileid="1" />
                <SequencePoint vc="0" upsid="309" ordinal="2" sl="309" sc="1" el="309" ec="2" bec="0" bev="0" fileid="1" />
                <SequencePoint vc="0" upsid="310" ordinal="3" sl="310" sc="1" el="310" ec="2" bec="0" bev="0" fileid="1" />
              </SequencePoints>
              <BranchPoints />
              <MethodPoint vc="0" upsid="0" d8p1:type="SequencePoint" ordinal="30" offset="30" sc="0" sl="306" ec="1" el="310" bec="0" bev="0" fileid="1" xmlns:d8p1="xsi" />
            </Method>
            <Method cyclomaticComplexity="0" nPathComplexity="0" sequenceCoverage="0" branchCoverage="0" isConstructor="False" isGetter="False" isSetter="False" isStatic="True">
              <Summary numSequencePoints="4" visitedSequencePoints="0" numBranchPoints="0" visitedBranchPoints="0" sequenceCoverage="0" branchCoverage="0" maxCyclomaticComplexity="0" minCyclomaticComplexity="0" visitedClasses="0" numClasses="0" visitedMethods="0" numMethods="1" />
              <MetadataToken />
              <Name>Fractional.Fractional Fractional.Fractional::op_Multiply(Fractional.Fractional,System.Single)</Name>
              <FileRef uid="1" />
              <SequencePoints>
                <SequencePoint vc="0" upsid="313" ordinal="0" sl="313" sc="1" el="313" ec="2" bec="0" bev="0" fileid="1" />
                <SequencePoint vc="0" upsid="314" ordinal="1" sl="314" sc="1" el="314" ec="2" bec="0" bev="0" fileid="1" />
                <SequencePoint vc="0" upsid="316" ordinal="2" sl="316" sc="1" el="316" ec="2" bec="0" bev="0" fileid="1" />
                <SequencePoint vc="0" upsid="317" ordinal="3" sl="317" sc="1" el="317" ec="2" bec="0" bev="0" fileid="1" />
              </SequencePoints>
              <BranchPoints />
              <MethodPoint vc="0" upsid="0" d8p1:type="SequencePoint" ordinal="31" offset="31" sc="0" sl="313" ec="1" el="317" bec="0" bev="0" fileid="1" xmlns:d8p1="xsi" />
            </Method>
            <Method cyclomaticComplexity="0" nPathComplexity="0" sequenceCoverage="0" branchCoverage="0" isConstructor="False" isGetter="False" isSetter="False" isStatic="True">
              <Summary numSequencePoints="4" visitedSequencePoints="0" numBranchPoints="0" visitedBranchPoints="0" sequenceCoverage="0" branchCoverage="0" maxCyclomaticComplexity="0" minCyclomaticComplexity="0" visitedClasses="0" numClasses="0" visitedMethods="0" numMethods="1" />
              <MetadataToken />
              <Name>Fractional.Fractional Fractional.Fractional::op_Multiply(Fractional.Fractional,System.Int64)</Name>
              <FileRef uid="1" />
              <SequencePoints>
                <SequencePoint vc="0" upsid="320" ordinal="0" sl="320" sc="1" el="320" ec="2" bec="0" bev="0" fileid="1" />
                <SequencePoint vc="0" upsid="321" ordinal="1" sl="321" sc="1" el="321" ec="2" bec="0" bev="0" fileid="1" />
                <SequencePoint vc="0" upsid="323" ordinal="2" sl="323" sc="1" el="323" ec="2" bec="0" bev="0" fileid="1" />
                <SequencePoint vc="0" upsid="324" ordinal="3" sl="324" sc="1" el="324" ec="2" bec="0" bev="0" fileid="1" />
              </SequencePoints>
              <BranchPoints />
              <MethodPoint vc="0" upsid="0" d8p1:type="SequencePoint" ordinal="32" offset="32" sc="0" sl="320" ec="1" el="324" bec="0" bev="0" fileid="1" xmlns:d8p1="xsi" />
            </Method>
            <Method cyclomaticComplexity="0" nPathComplexity="0" sequenceCoverage="0" branchCoverage="0" isConstructor="False" isGetter="False" isSetter="False" isStatic="True">
              <Summary numSequencePoints="4" visitedSequencePoints="0" numBranchPoints="0" visitedBranchPoints="0" sequenceCoverage="0" branchCoverage="0" maxCyclomaticComplexity="0" minCyclomaticComplexity="0" visitedClasses="0" numClasses="0" visitedMethods="0" numMethods="1" />
              <MetadataToken />
              <Name>Fractional.Fractional Fractional.Fractional::op_Multiply(Fractional.Fractional,System.Int32)</Name>
              <FileRef uid="1" />
              <SequencePoints>
                <SequencePoint vc="0" upsid="327" ordinal="0" sl="327" sc="1" el="327" ec="2" bec="0" bev="0" fileid="1" />
                <SequencePoint vc="0" upsid="328" ordinal="1" sl="328" sc="1" el="328" ec="2" bec="0" bev="0" fileid="1" />
                <SequencePoint vc="0" upsid="330" ordinal="2" sl="330" sc="1" el="330" ec="2" bec="0" bev="0" fileid="1" />
                <SequencePoint vc="0" upsid="331" ordinal="3" sl="331" sc="1" el="331" ec="2" bec="0" bev="0" fileid="1" />
              </SequencePoints>
              <BranchPoints />
              <MethodPoint vc="0" upsid="0" d8p1:type="SequencePoint" ordinal="33" offset="33" sc="0" sl="327" ec="1" el="331" bec="0" bev="0" fileid="1" xmlns:d8p1="xsi" />
            </Method>
            <Method cyclomaticComplexity="0" nPathComplexity="0" sequenceCoverage="0" branchCoverage="0" isConstructor="False" isGetter="False" isSetter="False" isStatic="True">
              <Summary numSequencePoints="4" visitedSequencePoints="0" numBranchPoints="0" visitedBranchPoints="0" sequenceCoverage="0" branchCoverage="0" maxCyclomaticComplexity="0" minCyclomaticComplexity="0" visitedClasses="0" numClasses="0" visitedMethods="0" numMethods="1" />
              <MetadataToken />
              <Name>Fractional.Fractional Fractional.Fractional::op_Multiply(Fractional.Fractional,System.Int16)</Name>
              <FileRef uid="1" />
              <SequencePoints>
                <SequencePoint vc="0" upsid="334" ordinal="0" sl="334" sc="1" el="334" ec="2" bec="0" bev="0" fileid="1" />
                <SequencePoint vc="0" upsid="335" ordinal="1" sl="335" sc="1" el="335" ec="2" bec="0" bev="0" fileid="1" />
                <SequencePoint vc="0" upsid="337" ordinal="2" sl="337" sc="1" el="337" ec="2" bec="0" bev="0" fileid="1" />
                <SequencePoint vc="0" upsid="338" ordinal="3" sl="338" sc="1" el="338" ec="2" bec="0" bev="0" fileid="1" />
              </SequencePoints>
              <BranchPoints />
              <MethodPoint vc="0" upsid="0" d8p1:type="SequencePoint" ordinal="34" offset="34" sc="0" sl="334" ec="1" el="338" bec="0" bev="0" fileid="1" xmlns:d8p1="xsi" />
            </Method>
            <Method cyclomaticComplexity="0" nPathComplexity="0" sequenceCoverage="0" branchCoverage="0" isConstructor="False" isGetter="False" isSetter="False" isStatic="True">
              <Summary numSequencePoints="4" visitedSequencePoints="3" numBranchPoints="0" visitedBranchPoints="0" sequenceCoverage="0" branchCoverage="0" maxCyclomaticComplexity="0" minCyclomaticComplexity="0" visitedClasses="0" numClasses="0" visitedMethods="1" numMethods="1" />
              <MetadataToken />
              <Name>Fractional.Fractional Fractional.Fractional::op_Multiply(Fractional.Fractional,System.Decimal)</Name>
              <FileRef uid="1" />
              <SequencePoints>
                <SequencePoint vc="4" upsid="341" ordinal="0" sl="341" sc="1" el="341" ec="2" bec="0" bev="0" fileid="1" />
                <SequencePoint vc="4" upsid="342" ordinal="1" sl="342" sc="1" el="342" ec="2" bec="0" bev="0" fileid="1" />
                <SequencePoint vc="4" upsid="344" ordinal="2" sl="344" sc="1" el="344" ec="2" bec="0" bev="0" fileid="1" />
                <SequencePoint vc="0" upsid="345" ordinal="3" sl="345" sc="1" el="345" ec="2" bec="0" bev="0" fileid="1" />
              </SequencePoints>
              <BranchPoints />
              <MethodPoint vc="12" upsid="0" d8p1:type="SequencePoint" ordinal="35" offset="35" sc="0" sl="341" ec="1" el="345" bec="0" bev="0" fileid="1" xmlns:d8p1="xsi" />
            </Method>
            <Method cyclomaticComplexity="0" nPathComplexity="0" sequenceCoverage="0" branchCoverage="0" isConstructor="False" isGetter="False" isSetter="False" isStatic="True">
              <Summary numSequencePoints="3" visitedSequencePoints="2" numBranchPoints="0" visitedBranchPoints="0" sequenceCoverage="0" branchCoverage="0" maxCyclomaticComplexity="0" minCyclomaticComplexity="0" visitedClasses="0" numClasses="0" visitedMethods="1" numMethods="1" />
              <MetadataToken />
              <Name>Fractional.Fractional Fractional.Fractional::op_Multiply(Fractional.Fractional,Fractional.Fractional)</Name>
              <FileRef uid="1" />
              <SequencePoints>
                <SequencePoint vc="7" upsid="348" ordinal="0" sl="348" sc="1" el="348" ec="2" bec="0" bev="0" fileid="1" />
                <SequencePoint vc="7" upsid="349" ordinal="1" sl="349" sc="1" el="349" ec="2" bec="0" bev="0" fileid="1" />
                <SequencePoint vc="0" upsid="350" ordinal="2" sl="350" sc="1" el="350" ec="2" bec="0" bev="0" fileid="1" />
              </SequencePoints>
              <BranchPoints />
              <MethodPoint vc="14" upsid="0" d8p1:type="SequencePoint" ordinal="36" offset="36" sc="0" sl="348" ec="1" el="350" bec="0" bev="0" fileid="1" xmlns:d8p1="xsi" />
            </Method>
            <Method cyclomaticComplexity="0" nPathComplexity="0" sequenceCoverage="0" branchCoverage="0" isConstructor="False" isGetter="False" isSetter="False" isStatic="True">
              <Summary numSequencePoints="3" visitedSequencePoints="2" numBranchPoints="0" visitedBranchPoints="0" sequenceCoverage="0" branchCoverage="0" maxCyclomaticComplexity="0" minCyclomaticComplexity="0" visitedClasses="0" numClasses="0" visitedMethods="1" numMethods="1" />
              <MetadataToken />
              <Name>Fractional.Fractional Fractional.Fractional::Multiplication(Fractional.Fractional,Fractional.Fractional)</Name>
              <FileRef uid="1" />
              <SequencePoints>
                <SequencePoint vc="11" upsid="353" ordinal="0" sl="353" sc="1" el="353" ec="2" bec="0" bev="0" fileid="1" />
                <SequencePoint vc="10" upsid="354" ordinal="1" sl="354" sc="1" el="354" ec="2" bec="0" bev="0" fileid="1" />
                <SequencePoint vc="0" upsid="355" ordinal="2" sl="355" sc="1" el="355" ec="2" bec="0" bev="0" fileid="1" />
              </SequencePoints>
              <BranchPoints />
              <MethodPoint vc="21" upsid="0" d8p1:type="SequencePoint" ordinal="37" offset="37" sc="0" sl="353" ec="1" el="355" bec="0" bev="0" fileid="1" xmlns:d8p1="xsi" />
            </Method>
            <Method cyclomaticComplexity="0" nPathComplexity="0" sequenceCoverage="0" branchCoverage="0" isConstructor="False" isGetter="False" isSetter="False" isStatic="True">
              <Summary numSequencePoints="4" visitedSequencePoints="3" numBranchPoints="0" visitedBranchPoints="0" sequenceCoverage="0" branchCoverage="0" maxCyclomaticComplexity="0" minCyclomaticComplexity="0" visitedClasses="0" numClasses="0" visitedMethods="1" numMethods="1" />
              <MetadataToken />
              <Name>Fractional.Fractional Fractional.Fractional::op_Division(Fractional.Fractional,System.String)</Name>
              <FileRef uid="1" />
              <SequencePoints>
                <SequencePoint vc="3" upsid="361" ordinal="0" sl="361" sc="1" el="361" ec="2" bec="0" bev="0" fileid="1" />
                <SequencePoint vc="3" upsid="362" ordinal="1" sl="362" sc="1" el="362" ec="2" bec="0" bev="0" fileid="1" />
                <SequencePoint vc="3" upsid="364" ordinal="2" sl="364" sc="1" el="364" ec="2" bec="0" bev="0" fileid="1" />
                <SequencePoint vc="0" upsid="365" ordinal="3" sl="365" sc="1" el="365" ec="2" bec="0" bev="0" fileid="1" />
              </SequencePoints>
              <BranchPoints />
              <MethodPoint vc="9" upsid="0" d8p1:type="SequencePoint" ordinal="38" offset="38" sc="0" sl="361" ec="1" el="365" bec="0" bev="0" fileid="1" xmlns:d8p1="xsi" />
            </Method>
            <Method cyclomaticComplexity="0" nPathComplexity="0" sequenceCoverage="0" branchCoverage="0" isConstructor="False" isGetter="False" isSetter="False" isStatic="True">
              <Summary numSequencePoints="4" visitedSequencePoints="0" numBranchPoints="0" visitedBranchPoints="0" sequenceCoverage="0" branchCoverage="0" maxCyclomaticComplexity="0" minCyclomaticComplexity="0" visitedClasses="0" numClasses="0" visitedMethods="0" numMethods="1" />
              <MetadataToken />
              <Name>Fractional.Fractional Fractional.Fractional::op_Division(Fractional.Fractional,System.Double)</Name>
              <FileRef uid="1" />
              <SequencePoints>
                <SequencePoint vc="0" upsid="368" ordinal="0" sl="368" sc="1" el="368" ec="2" bec="0" bev="0" fileid="1" />
                <SequencePoint vc="0" upsid="369" ordinal="1" sl="369" sc="1" el="369" ec="2" bec="0" bev="0" fileid="1" />
                <SequencePoint vc="0" upsid="371" ordinal="2" sl="371" sc="1" el="371" ec="2" bec="0" bev="0" fileid="1" />
                <SequencePoint vc="0" upsid="372" ordinal="3" sl="372" sc="1" el="372" ec="2" bec="0" bev="0" fileid="1" />
              </SequencePoints>
              <BranchPoints />
              <MethodPoint vc="0" upsid="0" d8p1:type="SequencePoint" ordinal="39" offset="39" sc="0" sl="368" ec="1" el="372" bec="0" bev="0" fileid="1" xmlns:d8p1="xsi" />
            </Method>
            <Method cyclomaticComplexity="0" nPathComplexity="0" sequenceCoverage="0" branchCoverage="0" isConstructor="False" isGetter="False" isSetter="False" isStatic="True">
              <Summary numSequencePoints="4" visitedSequencePoints="0" numBranchPoints="0" visitedBranchPoints="0" sequenceCoverage="0" branchCoverage="0" maxCyclomaticComplexity="0" minCyclomaticComplexity="0" visitedClasses="0" numClasses="0" visitedMethods="0" numMethods="1" />
              <MetadataToken />
              <Name>Fractional.Fractional Fractional.Fractional::op_Division(Fractional.Fractional,System.Single)</Name>
              <FileRef uid="1" />
              <SequencePoints>
                <SequencePoint vc="0" upsid="375" ordinal="0" sl="375" sc="1" el="375" ec="2" bec="0" bev="0" fileid="1" />
                <SequencePoint vc="0" upsid="376" ordinal="1" sl="376" sc="1" el="376" ec="2" bec="0" bev="0" fileid="1" />
                <SequencePoint vc="0" upsid="378" ordinal="2" sl="378" sc="1" el="378" ec="2" bec="0" bev="0" fileid="1" />
                <SequencePoint vc="0" upsid="379" ordinal="3" sl="379" sc="1" el="379" ec="2" bec="0" bev="0" fileid="1" />
              </SequencePoints>
              <BranchPoints />
              <MethodPoint vc="0" upsid="0" d8p1:type="SequencePoint" ordinal="40" offset="40" sc="0" sl="375" ec="1" el="379" bec="0" bev="0" fileid="1" xmlns:d8p1="xsi" />
            </Method>
            <Method cyclomaticComplexity="0" nPathComplexity="0" sequenceCoverage="0" branchCoverage="0" isConstructor="False" isGetter="False" isSetter="False" isStatic="True">
              <Summary numSequencePoints="4" visitedSequencePoints="0" numBranchPoints="0" visitedBranchPoints="0" sequenceCoverage="0" branchCoverage="0" maxCyclomaticComplexity="0" minCyclomaticComplexity="0" visitedClasses="0" numClasses="0" visitedMethods="0" numMethods="1" />
              <MetadataToken />
              <Name>Fractional.Fractional Fractional.Fractional::op_Division(Fractional.Fractional,System.Int64)</Name>
              <FileRef uid="1" />
              <SequencePoints>
                <SequencePoint vc="0" upsid="382" ordinal="0" sl="382" sc="1" el="382" ec="2" bec="0" bev="0" fileid="1" />
                <SequencePoint vc="0" upsid="383" ordinal="1" sl="383" sc="1" el="383" ec="2" bec="0" bev="0" fileid="1" />
                <SequencePoint vc="0" upsid="385" ordinal="2" sl="385" sc="1" el="385" ec="2" bec="0" bev="0" fileid="1" />
                <SequencePoint vc="0" upsid="386" ordinal="3" sl="386" sc="1" el="386" ec="2" bec="0" bev="0" fileid="1" />
              </SequencePoints>
              <BranchPoints />
              <MethodPoint vc="0" upsid="0" d8p1:type="SequencePoint" ordinal="41" offset="41" sc="0" sl="382" ec="1" el="386" bec="0" bev="0" fileid="1" xmlns:d8p1="xsi" />
            </Method>
            <Method cyclomaticComplexity="0" nPathComplexity="0" sequenceCoverage="0" branchCoverage="0" isConstructor="False" isGetter="False" isSetter="False" isStatic="True">
              <Summary numSequencePoints="4" visitedSequencePoints="0" numBranchPoints="0" visitedBranchPoints="0" sequenceCoverage="0" branchCoverage="0" maxCyclomaticComplexity="0" minCyclomaticComplexity="0" visitedClasses="0" numClasses="0" visitedMethods="0" numMethods="1" />
              <MetadataToken />
              <Name>Fractional.Fractional Fractional.Fractional::op_Division(Fractional.Fractional,System.Int32)</Name>
              <FileRef uid="1" />
              <SequencePoints>
                <SequencePoint vc="0" upsid="389" ordinal="0" sl="389" sc="1" el="389" ec="2" bec="0" bev="0" fileid="1" />
                <SequencePoint vc="0" upsid="390" ordinal="1" sl="390" sc="1" el="390" ec="2" bec="0" bev="0" fileid="1" />
                <SequencePoint vc="0" upsid="392" ordinal="2" sl="392" sc="1" el="392" ec="2" bec="0" bev="0" fileid="1" />
                <SequencePoint vc="0" upsid="393" ordinal="3" sl="393" sc="1" el="393" ec="2" bec="0" bev="0" fileid="1" />
              </SequencePoints>
              <BranchPoints />
              <MethodPoint vc="0" upsid="0" d8p1:type="SequencePoint" ordinal="42" offset="42" sc="0" sl="389" ec="1" el="393" bec="0" bev="0" fileid="1" xmlns:d8p1="xsi" />
            </Method>
            <Method cyclomaticComplexity="0" nPathComplexity="0" sequenceCoverage="0" branchCoverage="0" isConstructor="False" isGetter="False" isSetter="False" isStatic="True">
              <Summary numSequencePoints="4" visitedSequencePoints="0" numBranchPoints="0" visitedBranchPoints="0" sequenceCoverage="0" branchCoverage="0" maxCyclomaticComplexity="0" minCyclomaticComplexity="0" visitedClasses="0" numClasses="0" visitedMethods="0" numMethods="1" />
              <MetadataToken />
              <Name>Fractional.Fractional Fractional.Fractional::op_Division(Fractional.Fractional,System.Int16)</Name>
              <FileRef uid="1" />
              <SequencePoints>
                <SequencePoint vc="0" upsid="396" ordinal="0" sl="396" sc="1" el="396" ec="2" bec="0" bev="0" fileid="1" />
                <SequencePoint vc="0" upsid="397" ordinal="1" sl="397" sc="1" el="397" ec="2" bec="0" bev="0" fileid="1" />
                <SequencePoint vc="0" upsid="399" ordinal="2" sl="399" sc="1" el="399" ec="2" bec="0" bev="0" fileid="1" />
                <SequencePoint vc="0" upsid="400" ordinal="3" sl="400" sc="1" el="400" ec="2" bec="0" bev="0" fileid="1" />
              </SequencePoints>
              <BranchPoints />
              <MethodPoint vc="0" upsid="0" d8p1:type="SequencePoint" ordinal="43" offset="43" sc="0" sl="396" ec="1" el="400" bec="0" bev="0" fileid="1" xmlns:d8p1="xsi" />
            </Method>
            <Method cyclomaticComplexity="0" nPathComplexity="0" sequenceCoverage="0" branchCoverage="0" isConstructor="False" isGetter="False" isSetter="False" isStatic="True">
              <Summary numSequencePoints="4" visitedSequencePoints="3" numBranchPoints="0" visitedBranchPoints="0" sequenceCoverage="0" branchCoverage="0" maxCyclomaticComplexity="0" minCyclomaticComplexity="0" visitedClasses="0" numClasses="0" visitedMethods="1" numMethods="1" />
              <MetadataToken />
              <Name>Fractional.Fractional Fractional.Fractional::op_Division(Fractional.Fractional,System.Decimal)</Name>
              <FileRef uid="1" />
              <SequencePoints>
                <SequencePoint vc="3" upsid="403" ordinal="0" sl="403" sc="1" el="403" ec="2" bec="0" bev="0" fileid="1" />
                <SequencePoint vc="3" upsid="404" ordinal="1" sl="404" sc="1" el="404" ec="2" bec="0" bev="0" fileid="1" />
                <SequencePoint vc="3" upsid="406" ordinal="2" sl="406" sc="1" el="406" ec="2" bec="0" bev="0" fileid="1" />
                <SequencePoint vc="0" upsid="407" ordinal="3" sl="407" sc="1" el="407" ec="2" bec="0" bev="0" fileid="1" />
              </SequencePoints>
              <BranchPoints />
              <MethodPoint vc="9" upsid="0" d8p1:type="SequencePoint" ordinal="44" offset="44" sc="0" sl="403" ec="1" el="407" bec="0" bev="0" fileid="1" xmlns:d8p1="xsi" />
            </Method>
            <Method cyclomaticComplexity="0" nPathComplexity="0" sequenceCoverage="0" branchCoverage="0" isConstructor="False" isGetter="False" isSetter="False" isStatic="True">
              <Summary numSequencePoints="3" visitedSequencePoints="2" numBranchPoints="0" visitedBranchPoints="0" sequenceCoverage="0" branchCoverage="0" maxCyclomaticComplexity="0" minCyclomaticComplexity="0" visitedClasses="0" numClasses="0" visitedMethods="1" numMethods="1" />
              <MetadataToken />
              <Name>Fractional.Fractional Fractional.Fractional::op_Division(Fractional.Fractional,Fractional.Fractional)</Name>
              <FileRef uid="1" />
              <SequencePoints>
                <SequencePoint vc="6" upsid="411" ordinal="0" sl="411" sc="1" el="411" ec="2" bec="0" bev="0" fileid="1" />
                <SequencePoint vc="6" upsid="412" ordinal="1" sl="412" sc="1" el="412" ec="2" bec="0" bev="0" fileid="1" />
                <SequencePoint vc="0" upsid="413" ordinal="2" sl="413" sc="1" el="413" ec="2" bec="0" bev="0" fileid="1" />
              </SequencePoints>
              <BranchPoints />
              <MethodPoint vc="12" upsid="0" d8p1:type="SequencePoint" ordinal="45" offset="45" sc="0" sl="411" ec="1" el="413" bec="0" bev="0" fileid="1" xmlns:d8p1="xsi" />
            </Method>
            <Method cyclomaticComplexity="0" nPathComplexity="0" sequenceCoverage="0" branchCoverage="0" isConstructor="False" isGetter="False" isSetter="False" isStatic="True">
              <Summary numSequencePoints="3" visitedSequencePoints="2" numBranchPoints="0" visitedBranchPoints="0" sequenceCoverage="0" branchCoverage="0" maxCyclomaticComplexity="0" minCyclomaticComplexity="0" visitedClasses="0" numClasses="0" visitedMethods="1" numMethods="1" />
              <MetadataToken />
              <Name>Fractional.Fractional Fractional.Fractional::Division(Fractional.Fractional,Fractional.Fractional)</Name>
              <FileRef uid="1" />
              <SequencePoints>
                <SequencePoint vc="9" upsid="416" ordinal="0" sl="416" sc="1" el="416" ec="2" bec="0" bev="0" fileid="1" />
                <SequencePoint vc="9" upsid="417" ordinal="1" sl="417" sc="1" el="417" ec="2" bec="0" bev="0" fileid="1" />
                <SequencePoint vc="0" upsid="418" ordinal="2" sl="418" sc="1" el="418" ec="2" bec="0" bev="0" fileid="1" />
              </SequencePoints>
              <BranchPoints />
              <MethodPoint vc="18" upsid="0" d8p1:type="SequencePoint" ordinal="46" offset="46" sc="0" sl="416" ec="1" el="418" bec="0" bev="0" fileid="1" xmlns:d8p1="xsi" />
            </Method>
            <Method cyclomaticComplexity="0" nPathComplexity="0" sequenceCoverage="0" branchCoverage="0" isConstructor="False" isGetter="False" isSetter="False" isStatic="True">
              <Summary numSequencePoints="3" visitedSequencePoints="2" numBranchPoints="0" visitedBranchPoints="0" sequenceCoverage="0" branchCoverage="0" maxCyclomaticComplexity="0" minCyclomaticComplexity="0" visitedClasses="0" numClasses="0" visitedMethods="1" numMethods="1" />
              <MetadataToken />
              <Name>System.Boolean Fractional.Fractional::op_LessThan(Fractional.Fractional,Fractional.Fractional)</Name>
              <FileRef uid="1" />
              <SequencePoints>
                <SequencePoint vc="3" upsid="425" ordinal="0" sl="425" sc="1" el="425" ec="2" bec="0" bev="0" fileid="1" />
                <SequencePoint vc="3" upsid="426" ordinal="1" sl="426" sc="1" el="426" ec="2" bec="0" bev="0" fileid="1" />
                <SequencePoint vc="0" upsid="427" ordinal="2" sl="427" sc="1" el="427" ec="2" bec="0" bev="0" fileid="1" />
              </SequencePoints>
              <BranchPoints />
              <MethodPoint vc="6" upsid="0" d8p1:type="SequencePoint" ordinal="47" offset="47" sc="0" sl="425" ec="1" el="427" bec="0" bev="0" fileid="1" xmlns:d8p1="xsi" />
            </Method>
            <Method cyclomaticComplexity="0" nPathComplexity="0" sequenceCoverage="0" branchCoverage="0" isConstructor="False" isGetter="False" isSetter="False" isStatic="True">
              <Summary numSequencePoints="3" visitedSequencePoints="2" numBranchPoints="0" visitedBranchPoints="0" sequenceCoverage="0" branchCoverage="0" maxCyclomaticComplexity="0" minCyclomaticComplexity="0" visitedClasses="0" numClasses="0" visitedMethods="1" numMethods="1" />
              <MetadataToken />
              <Name>System.Boolean Fractional.Fractional::op_GreaterThan(Fractional.Fractional,Fractional.Fractional)</Name>
              <FileRef uid="1" />
              <SequencePoints>
                <SequencePoint vc="3" upsid="430" ordinal="0" sl="430" sc="1" el="430" ec="2" bec="0" bev="0" fileid="1" />
                <SequencePoint vc="3" upsid="431" ordinal="1" sl="431" sc="1" el="431" ec="2" bec="0" bev="0" fileid="1" />
                <SequencePoint vc="0" upsid="432" ordinal="2" sl="432" sc="1" el="432" ec="2" bec="0" bev="0" fileid="1" />
              </SequencePoints>
              <BranchPoints />
              <MethodPoint vc="6" upsid="0" d8p1:type="SequencePoint" ordinal="48" offset="48" sc="0" sl="430" ec="1" el="432" bec="0" bev="0" fileid="1" xmlns:d8p1="xsi" />
            </Method>
            <Method cyclomaticComplexity="0" nPathComplexity="0" sequenceCoverage="0" branchCoverage="0" isConstructor="False" isGetter="False" isSetter="False" isStatic="True">
              <Summary numSequencePoints="3" visitedSequencePoints="2" numBranchPoints="0" visitedBranchPoints="0" sequenceCoverage="0" branchCoverage="0" maxCyclomaticComplexity="0" minCyclomaticComplexity="0" visitedClasses="0" numClasses="0" visitedMethods="1" numMethods="1" />
              <MetadataToken />
              <Name>System.Boolean Fractional.Fractional::op_Equality(Fractional.Fractional,Fractional.Fractional)</Name>
              <FileRef uid="1" />
              <SequencePoints>
                <SequencePoint vc="3" upsid="435" ordinal="0" sl="435" sc="1" el="435" ec="2" bec="0" bev="0" fileid="1" />
                <SequencePoint vc="3" upsid="436" ordinal="1" sl="436" sc="1" el="436" ec="2" bec="0" bev="0" fileid="1" />
                <SequencePoint vc="0" upsid="437" ordinal="2" sl="437" sc="1" el="437" ec="2" bec="0" bev="0" fileid="1" />
              </SequencePoints>
              <BranchPoints />
              <MethodPoint vc="6" upsid="0" d8p1:type="SequencePoint" ordinal="49" offset="49" sc="0" sl="435" ec="1" el="437" bec="0" bev="0" fileid="1" xmlns:d8p1="xsi" />
            </Method>
            <Method cyclomaticComplexity="0" nPathComplexity="0" sequenceCoverage="0" branchCoverage="0" isConstructor="False" isGetter="False" isSetter="False" isStatic="True">
              <Summary numSequencePoints="3" visitedSequencePoints="2" numBranchPoints="0" visitedBranchPoints="0" sequenceCoverage="0" branchCoverage="0" maxCyclomaticComplexity="0" minCyclomaticComplexity="0" visitedClasses="0" numClasses="0" visitedMethods="1" numMethods="1" />
              <MetadataToken />
              <Name>System.Boolean Fractional.Fractional::op_Inequality(Fractional.Fractional,Fractional.Fractional)</Name>
              <FileRef uid="1" />
              <SequencePoints>
                <SequencePoint vc="3" upsid="440" ordinal="0" sl="440" sc="1" el="440" ec="2" bec="0" bev="0" fileid="1" />
                <SequencePoint vc="3" upsid="441" ordinal="1" sl="441" sc="1" el="441" ec="2" bec="0" bev="0" fileid="1" />
                <SequencePoint vc="0" upsid="442" ordinal="2" sl="442" sc="1" el="442" ec="2" bec="0" bev="0" fileid="1" />
              </SequencePoints>
              <BranchPoints />
              <MethodPoint vc="6" upsid="0" d8p1:type="SequencePoint" ordinal="50" offset="50" sc="0" sl="440" ec="1" el="442" bec="0" bev="0" fileid="1" xmlns:d8p1="xsi" />
            </Method>
            <Method cyclomaticComplexity="0" nPathComplexity="0" sequenceCoverage="0" branchCoverage="0" isConstructor="False" isGetter="False" isSetter="False" isStatic="True">
              <Summary numSequencePoints="8" visitedSequencePoints="0" numBranchPoints="0" visitedBranchPoints="0" sequenceCoverage="0" branchCoverage="0" maxCyclomaticComplexity="0" minCyclomaticComplexity="0" visitedClasses="0" numClasses="0" visitedMethods="0" numMethods="1" />
              <MetadataToken />
              <Name>System.Boolean Fractional.Fractional::Equals(System.Object)</Name>
              <FileRef uid="1" />
              <SequencePoints>
                <SequencePoint vc="0" upsid="447" ordinal="0" sl="447" sc="1" el="447" ec="2" bec="0" bev="0" fileid="1" />
                <SequencePoint vc="0" upsid="448" ordinal="1" sl="448" sc="1" el="448" ec="2" bec="0" bev="0" fileid="1" />
                <SequencePoint vc="0" upsid="449" ordinal="2" sl="449" sc="1" el="449" ec="2" bec="0" bev="0" fileid="1" />
                <SequencePoint vc="0" upsid="450" ordinal="3" sl="450" sc="1" el="450" ec="2" bec="0" bev="0" fileid="1" />
                <SequencePoint vc="0" upsid="451" ordinal="4" sl="451" sc="1" el="451" ec="2" bec="0" bev="0" fileid="1" />
                <SequencePoint vc="0" upsid="454" ordinal="5" sl="454" sc="1" el="454" ec="2" bec="0" bev="0" fileid="1" />
                <SequencePoint vc="0" upsid="455" ordinal="6" sl="455" sc="1" el="455" ec="2" bec="0" bev="0" fileid="1" />
                <SequencePoint vc="0" upsid="458" ordinal="7" sl="458" sc="1" el="458" ec="2" bec="0" bev="0" fileid="1" />
              </SequencePoints>
              <BranchPoints />
              <MethodPoint vc="0" upsid="0" d8p1:type="SequencePoint" ordinal="51" offset="51" sc="0" sl="447" ec="1" el="458" bec="0" bev="0" fileid="1" xmlns:d8p1="xsi" />
            </Method>
            <Method cyclomaticComplexity="0" nPathComplexity="0" sequenceCoverage="0" branchCoverage="0" isConstructor="False" isGetter="False" isSetter="False" isStatic="True">
              <Summary numSequencePoints="6" visitedSequencePoints="0" numBranchPoints="0" visitedBranchPoints="0" sequenceCoverage="0" branchCoverage="0" maxCyclomaticComplexity="0" minCyclomaticComplexity="0" visitedClasses="0" numClasses="0" visitedMethods="0" numMethods="1" />
              <MetadataToken />
              <Name>System.Int32 Fractional.Fractional::GetHashCode()</Name>
              <FileRef uid="1" />
              <SequencePoints>
                <SequencePoint vc="0" upsid="461" ordinal="0" sl="461" sc="1" el="461" ec="2" bec="0" bev="0" fileid="1" />
                <SequencePoint vc="0" upsid="462" ordinal="1" sl="462" sc="1" el="462" ec="2" bec="0" bev="0" fileid="1" />
                <SequencePoint vc="0" upsid="464" ordinal="2" sl="464" sc="1" el="464" ec="2" bec="0" bev="0" fileid="1" />
                <SequencePoint vc="0" upsid="465" ordinal="3" sl="465" sc="1" el="465" ec="2" bec="0" bev="0" fileid="1" />
                <SequencePoint vc="0" upsid="467" ordinal="4" sl="467" sc="1" el="467" ec="2" bec="0" bev="0" fileid="1" />
                <SequencePoint vc="0" upsid="468" ordinal="5" sl="468" sc="1" el="468" ec="2" bec="0" bev="0" fileid="1" />
              </SequencePoints>
              <BranchPoints />
              <MethodPoint vc="0" upsid="0" d8p1:type="SequencePoint" ordinal="52" offset="52" sc="0" sl="461" ec="1" el="468" bec="0" bev="0" fileid="1" xmlns:d8p1="xsi" />
            </Method>
            <Method cyclomaticComplexity="0" nPathComplexity="0" sequenceCoverage="0" branchCoverage="0" isConstructor="False" isGetter="False" isSetter="False" isStatic="True">
              <Summary numSequencePoints="3" visitedSequencePoints="0" numBranchPoints="0" visitedBranchPoints="0" sequenceCoverage="0" branchCoverage="0" maxCyclomaticComplexity="0" minCyclomaticComplexity="0" visitedClasses="0" numClasses="0" visitedMethods="0" numMethods="1" />
              <MetadataToken />
              <Name>System.String Fractional.Fractional::ToString()</Name>
              <FileRef uid="1" />
              <SequencePoints>
                <SequencePoint vc="0" upsid="471" ordinal="0" sl="471" sc="1" el="471" ec="2" bec="0" bev="0" fileid="1" />
                <SequencePoint vc="0" upsid="472" ordinal="1" sl="472" sc="1" el="472" ec="2" bec="0" bev="0" fileid="1" />
                <SequencePoint vc="0" upsid="473" ordinal="2" sl="473" sc="1" el="473" ec="2" bec="0" bev="0" fileid="1" />
              </SequencePoints>
              <BranchPoints />
              <MethodPoint vc="0" upsid="0" d8p1:type="SequencePoint" ordinal="53" offset="53" sc="0" sl="471" ec="1" el="473" bec="0" bev="0" fileid="1" xmlns:d8p1="xsi" />
            </Method>
            <Method cyclomaticComplexity="0" nPathComplexity="0" sequenceCoverage="0" branchCoverage="0" isConstructor="False" isGetter="False" isSetter="False" isStatic="True">
[...]
                <SequencePoint vc="4" upsid="521" ordinal="4" sl="521" sc="1" el="521" ec="2" bec="0" bev="0" fileid="1" />
                <SequencePoint vc="4" upsid="522" ordinal="5" sl="522" sc="1" el="522" ec="2" bec="0" bev="0" fileid="1" />
                <SequencePoint vc="4" upsid="523" ordinal="6" sl="523" sc="1" el="523" ec="2" bec="0" bev="0" fileid="1" />
              </SequencePoints>
              <BranchPoints />
              <MethodPoint vc="28" upsid="0" d8p1:type="SequencePoint" ordinal="56" offset="56" sc="0" sl="516" ec="1" el="523" bec="0" bev="0" fileid="1" xmlns:d8p1="xsi" />
            </Method>
            <Method cyclomaticComplexity="0" nPathComplexity="0" sequenceCoverage="0" branchCoverage="0" isConstructor="False" isGetter="False" isSetter="False" isStatic="True">
              <Summary numSequencePoints="30" visitedSequencePoints="20" numBranchPoints="0" visitedBranchPoints="0" sequenceCoverage="0" branchCoverage="0" maxCyclomaticComplexity="0" minCyclomaticComplexity="0" visitedClasses="0" numClasses="0" visitedMethods="1" numMethods="1" />
              <MetadataToken />
              <Name>System.Void Fractional.Fractional::ConvertToApproximateFraction(System.Decimal)</Name>
              <FileRef uid="1" />
              <SequencePoints>
                <SequencePoint vc="24" upsid="527" ordinal="0" sl="527" sc="1" el="527" ec="2" bec="0" bev="0" fileid="1" />
                <SequencePoint vc="24" upsid="528" ordinal="1" sl="528" sc="1" el="528" ec="2" bec="0" bev="0" fileid="1" />
                <SequencePoint vc="24" upsid="530" ordinal="2" sl="530" sc="1" el="530" ec="2" bec="0" bev="0" fileid="1" />
                <SequencePoint vc="24" upsid="532" ordinal="3" sl="532" sc="1" el="532" ec="2" bec="0" bev="0" fileid="1" />
                <SequencePoint vc="7" upsid="533" ordinal="4" sl="533" sc="1" el="533" ec="2" bec="0" bev="0" fileid="1" />
                <SequencePoint vc="7" upsid="534" ordinal="5" sl="534" sc="1" el="534" ec="2" bec="0" bev="0" fileid="1" />
                <SequencePoint vc="7" upsid="535" ordinal="6" sl="535" sc="1" el="535" ec="2" bec="0" bev="0" fileid="1" />
                <SequencePoint vc="7" upsid="536" ordinal="7" sl="536" sc="1" el="536" ec="2" bec="0" bev="0" fileid="1" />
                <SequencePoint vc="0" upsid="539" ordinal="8" sl="539" sc="1" el="539" ec="2" bec="0" bev="0" fileid="1" />
                <SequencePoint vc="0" upsid="540" ordinal="9" sl="540" sc="1" el="540" ec="2" bec="0" bev="0" fileid="1" />
                <SequencePoint vc="0" upsid="541" ordinal="10" sl="541" sc="1" el="541" ec="2" bec="0" bev="0" fileid="1" />
                <SequencePoint vc="0" upsid="542" ordinal="11" sl="542" sc="1" el="542" ec="2" bec="0" bev="0" fileid="1" />
                <SequencePoint vc="0" upsid="543" ordinal="12" sl="543" sc="1" el="543" ec="2" bec="0" bev="0" fileid="1" />
                <SequencePoint vc="0" upsid="546" ordinal="13" sl="546" sc="1" el="546" ec="2" bec="0" bev="0" fileid="1" />
                <SequencePoint vc="0" upsid="547" ordinal="14" sl="547" sc="1" el="547" ec="2" bec="0" bev="0" fileid="1" />
                <SequencePoint vc="0" upsid="548" ordinal="15" sl="548" sc="1" el="548" ec="2" bec="0" bev="0" fileid="1" />
                <SequencePoint vc="0" upsid="549" ordinal="16" sl="549" sc="1" el="549" ec="2" bec="0" bev="0" fileid="1" />
                <SequencePoint vc="0" upsid="550" ordinal="17" sl="550" sc="1" el="550" ec="2" bec="0" bev="0" fileid="1" />
                <SequencePoint vc="68" upsid="553" ordinal="18" sl="553" sc="1" el="553" ec="2" bec="0" bev="0" fileid="1" />
                <SequencePoint vc="17" upsid="556" ordinal="19" sl="556" sc="1" el="556" ec="2" bec="0" bev="0" fileid="1" />
                <SequencePoint vc="23" upsid="558" ordinal="20" sl="558" sc="1" el="558" ec="2" bec="0" bev="0" fileid="1" />
                <SequencePoint vc="23" upsid="559" ordinal="21" sl="559" sc="1" el="559" ec="2" bec="0" bev="0" fileid="1" />
                <SequencePoint vc="23" upsid="560" ordinal="22" sl="560" sc="1" el="560" ec="2" bec="0" bev="0" fileid="1" />
                <SequencePoint vc="23" upsid="561" ordinal="23" sl="561" sc="1" el="561" ec="2" bec="0" bev="0" fileid="1" />
                <SequencePoint vc="23" upsid="563" ordinal="24" sl="563" sc="1" el="563" ec="2" bec="0" bev="0" fileid="1" />
                <SequencePoint vc="46" upsid="565" ordinal="25" sl="565" sc="1" el="565" ec="2" bec="0" bev="0" fileid="1" />
                <SequencePoint vc="17" upsid="567" ordinal="26" sl="567" sc="1" el="567" ec="2" bec="0" bev="0" fileid="1" />
                <SequencePoint vc="17" upsid="568" ordinal="27" sl="568" sc="1" el="568" ec="2" bec="0" bev="0" fileid="1" />
                <SequencePoint vc="17" upsid="569" ordinal="28" sl="569" sc="1" el="569" ec="2" bec="0" bev="0" fileid="1" />
                <SequencePoint vc="16" upsid="571" ordinal="29" sl="571" sc="1" el="571" ec="2" bec="0" bev="0" fileid="1" />
              </SequencePoints>
              <BranchPoints />
              <MethodPoint vc="437" upsid="0" d8p1:type="SequencePoint" ordinal="57" offset="57" sc="0" sl="527" ec="1" el="571" bec="0" bev="0" fileid="1" xmlns:d8p1="xsi" />
            </Method>
            <Method cyclomaticComplexity="0" nPathComplexity="0" sequenceCoverage="0" branchCoverage="0" isConstructor="False" isGetter="False" isSetter="False" isStatic="True">
              <Summary numSequencePoints="25" visitedSequencePoints="23" numBranchPoints="0" visitedBranchPoints="0" sequenceCoverage="0" branchCoverage="0" maxCyclomaticComplexity="0" minCyclomaticComplexity="0" visitedClasses="0" numClasses="0" visitedMethods="1" numMethods="1" />
              <MetadataToken />
              <Name>System.Void Fractional.Fractional::EvaluateFractionalExpression(System.String)</Name>
              <FileRef uid="1" />
              <SequencePoints>
                <SequencePoint vc="108" upsid="574" ordinal="0" sl="574" sc="1" el="574" ec="2" bec="0" bev="0" fileid="1" />
                <SequencePoint vc="106" upsid="575" ordinal="1" sl="575" sc="1" el="575" ec="2" bec="0" bev="0" fileid="1" />
                <SequencePoint vc="27" upsid="576" ordinal="2" sl="576" sc="1" el="576" ec="2" bec="0" bev="0" fileid="1" />
                <SequencePoint vc="26" upsid="577" ordinal="3" sl="577" sc="1" el="577" ec="2" bec="0" bev="0" fileid="1" />
                <SequencePoint vc="27" upsid="578" ordinal="4" sl="578" sc="1" el="578" ec="2" bec="0" bev="0" fileid="1" />
                <SequencePoint vc="26" upsid="579" ordinal="5" sl="579" sc="1" el="579" ec="2" bec="0" bev="0" fileid="1" />
                <SequencePoint vc="24" upsid="580" ordinal="6" sl="580" sc="1" el="580" ec="2" bec="0" bev="0" fileid="1" />
                <SequencePoint vc="25" upsid="582" ordinal="7" sl="582" sc="1" el="582" ec="2" bec="0" bev="0" fileid="1" />
                <SequencePoint vc="26" upsid="584" ordinal="8" sl="584" sc="1" el="584" ec="2" bec="0" bev="0" fileid="1" />
                <SequencePoint vc="27" upsid="586" ordinal="9" sl="586" sc="1" el="586" ec="2" bec="0" bev="0" fileid="1" />
                <SequencePoint vc="27" upsid="587" ordinal="10" sl="587" sc="1" el="587" ec="2" bec="0" bev="0" fileid="1" />
                <SequencePoint vc="27" upsid="589" ordinal="11" sl="589" sc="1" el="589" ec="2" bec="0" bev="0" fileid="1" />
                <SequencePoint vc="26" upsid="591" ordinal="12" sl="591" sc="1" el="591" ec="2" bec="0" bev="0" fileid="1" />
                <SequencePoint vc="0" upsid="592" ordinal="13" sl="592" sc="1" el="592" ec="2" bec="0" bev="0" fileid="1" />
                <SequencePoint vc="78" upsid="593" ordinal="14" sl="593" sc="1" el="593" ec="2" bec="0" bev="0" fileid="1" />
                <SequencePoint vc="77" upsid="594" ordinal="15" sl="594" sc="1" el="594" ec="2" bec="0" bev="0" fileid="1" />
                <SequencePoint vc="78" upsid="596" ordinal="16" sl="596" sc="1" el="596" ec="2" bec="0" bev="0" fileid="1" />
                <SequencePoint vc="77" upsid="597" ordinal="17" sl="597" sc="1" el="597" ec="2" bec="0" bev="0" fileid="1" />
                <SequencePoint vc="78" upsid="599" ordinal="18" sl="599" sc="1" el="599" ec="2" bec="0" bev="0" fileid="1" />
                <SequencePoint vc="77" upsid="600" ordinal="19" sl="600" sc="1" el="600" ec="2" bec="0" bev="0" fileid="1" />
                <SequencePoint vc="0" upsid="602" ordinal="20" sl="602" sc="1" el="602" ec="2" bec="0" bev="0" fileid="1" />
                <SequencePoint vc="4" upsid="603" ordinal="21" sl="603" sc="1" el="603" ec="2" bec="0" bev="0" fileid="1" />
                <SequencePoint vc="4" upsid="604" ordinal="22" sl="604" sc="1" el="604" ec="2" bec="0" bev="0" fileid="1" />
                <SequencePoint vc="4" upsid="606" ordinal="23" sl="606" sc="1" el="606" ec="2" bec="0" bev="0" fileid="1" />
                <SequencePoint vc="108" upsid="607" ordinal="24" sl="607" sc="1" el="607" ec="2" bec="0" bev="0" fileid="1" />
              </SequencePoints>
              <BranchPoints />
              <MethodPoint vc="1087" upsid="0" d8p1:type="SequencePoint" ordinal="58" offset="58" sc="0" sl="574" ec="1" el="607" bec="0" bev="0" fileid="1" xmlns:d8p1="xsi" />
            </Method>
            <Method cyclomaticComplexity="0" nPathComplexity="0" sequenceCoverage="0" branchCoverage="0" isConstructor="False" isGetter="False" isSetter="False" isStatic="True">
              <Summary numSequencePoints="5" visitedSequencePoints="5" numBranchPoints="0" visitedBranchPoints="0" sequenceCoverage="0" branchCoverage="0" maxCyclomaticComplexity="0" minCyclomaticComplexity="0" visitedClasses="0" numClasses="0" visitedMethods="1" numMethods="1" />
              <MetadataToken />
              <Name>System.Void Fractional.Fractional::EvaluateSimpleFractionalExpression(System.String,System.Int64&amp;,System.Int64&amp;)</Name>
              <FileRef uid="1" />
              <SequencePoints>
                <SequencePoint vc="104" upsid="610" ordinal="0" sl="610" sc="1" el="610" ec="2" bec="0" bev="0" fileid="1" />
                <SequencePoint vc="105" upsid="611" ordinal="1" sl="611" sc="1" el="611" ec="2" bec="0" bev="0" fileid="1" />
                <SequencePoint vc="104" upsid="612" ordinal="2" sl="612" sc="1" el="612" ec="2" bec="0" bev="0" fileid="1" />
                <SequencePoint vc="105" upsid="613" ordinal="3" sl="613" sc="1" el="613" ec="2" bec="0" bev="0" fileid="1" />
                <SequencePoint vc="106" upsid="614" ordinal="4" sl="614" sc="1" el="614" ec="2" bec="0" bev="0" fileid="1" />
              </SequencePoints>
              <BranchPoints />
              <MethodPoint vc="524" upsid="0" d8p1:type="SequencePoint" ordinal="59" offset="59" sc="0" sl="610" ec="1" el="614" bec="0" bev="0" fileid="1" xmlns:d8p1="xsi" />
            </Method>
            <Method cyclomaticComplexity="0" nPathComplexity="0" sequenceCoverage="0" branchCoverage="0" isConstructor="True" isGetter="False" isSetter="False" isStatic="True">
              <Summary numSequencePoints="1" visitedSequencePoints="0" numBranchPoints="0" visitedBranchPoints="0" sequenceCoverage="0" branchCoverage="0" maxCyclomaticComplexity="0" minCyclomaticComplexity="0" visitedClasses="0" numClasses="0" visitedMethods="0" numMethods="1" />
              <MetadataToken />
              <Name>System.Void Fractional.Fractional::.cctor()</Name>
              <FileRef uid="1" />
              <SequencePoints>
                <SequencePoint vc="0" upsid="13" ordinal="0" sl="13" sc="1" el="13" ec="2" bec="0" bev="0" fileid="1" />
              </SequencePoints>
              <BranchPoints />
              <MethodPoint vc="0" upsid="0" d8p1:type="SequencePoint" ordinal="60" offset="60" sc="0" sl="13" ec="1" el="13" bec="0" bev="0" fileid="1" xmlns:d8p1="xsi" />
            </Method>
          </Methods>
        </Class>
        <Class>
          <Summary numSequencePoints="15" visitedSequencePoints="12" numBranchPoints="0" visitedBranchPoints="0" sequenceCoverage="0" branchCoverage="0" maxCyclomaticComplexity="0" minCyclomaticComplexity="0" visitedClasses="1" numClasses="1" visitedMethods="0" numMethods="2" />
          <FullName>Fractional.Extentions.DecimalExtentions</FullName>
          <Methods>
            <Method cyclomaticComplexity="0" nPathComplexity="0" sequenceCoverage="0" branchCoverage="0" isConstructor="False" isGetter="False" isSetter="False" isStatic="True">
              <Summary numSequencePoints="3" visitedSequencePoints="2" numBranchPoints="0" visitedBranchPoints="0" sequenceCoverage="0" branchCoverage="0" maxCyclomaticComplexity="0" minCyclomaticComplexity="0" visitedClasses="0" numClasses="0" visitedMethods="1" numMethods="1" />
              <MetadataToken />
              <Name>System.Boolean Fractional.Extentions.DecimalExtentions::IsAnInteger(System.Decimal)</Name>
              <FileRef uid="2" />
              <SequencePoints>
                <SequencePoint vc="30" upsid="15" ordinal="0" sl="15" sc="1" el="15" ec="2" bec="0" bev="0" fileid="2" />
                <SequencePoint vc="30" upsid="16" ordinal="1" sl="16" sc="1" el="16" ec="2" bec="0" bev="0" fileid="2" />
                <SequencePoint vc="0" upsid="17" ordinal="2" sl="17" sc="1" el="17" ec="2" bec="0" bev="0" fileid="2" />
              </SequencePoints>
              <BranchPoints />
              <MethodPoint vc="60" upsid="0" d8p1:type="SequencePoint" ordinal="0" offset="0" sc="0" sl="15" ec="1" el="17" bec="0" bev="0" fileid="2" xmlns:d8p1="xsi" />
            </Method>
            <Method cyclomaticComplexity="0" nPathComplexity="0" sequenceCoverage="0" branchCoverage="0" isConstructor="False" isGetter="False" isSetter="False" isStatic="True">
              <Summary numSequencePoints="12" visitedSequencePoints="10" numBranchPoints="0" visitedBranchPoints="0" sequenceCoverage="0" branchCoverage="0" maxCyclomaticComplexity="0" minCyclomaticComplexity="0" visitedClasses="0" numClasses="0" visitedMethods="1" numMethods="1" />
              <MetadataToken />
              <Name>System.Int32 Fractional.Extentions.DecimalExtentions::GetDecimalPlaces(System.Decimal)</Name>
              <FileRef uid="2" />
              <SequencePoints>
                <SequencePoint vc="4" upsid="25" ordinal="0" sl="25" sc="1" el="25" ec="2" bec="0" bev="0" fileid="2" />
                <SequencePoint vc="4" upsid="26" ordinal="1" sl="26" sc="1" el="26" ec="2" bec="0" bev="0" fileid="2" />
                <SequencePoint vc="4" upsid="27" ordinal="2" sl="27" sc="1" el="27" ec="2" bec="0" bev="0" fileid="2" />
                <SequencePoint vc="4" upsid="28" ordinal="3" sl="28" sc="1" el="28" ec="2" bec="0" bev="0" fileid="2" />
                <SequencePoint vc="8" upsid="29" ordinal="4" sl="29" sc="1" el="29" ec="2" bec="0" bev="0" fileid="2" />
                <SequencePoint vc="0" upsid="30" ordinal="5" sl="30" sc="1" el="30" ec="2" bec="0" bev="0" fileid="2" />
                <SequencePoint vc="8" upsid="31" ordinal="6" sl="31" sc="1" el="31" ec="2" bec="0" bev="0" fileid="2" />
                <SequencePoint vc="8" upsid="32" ordinal="7" sl="32" sc="1" el="32" ec="2" bec="0" bev="0" fileid="2" />
                <SequencePoint vc="8" upsid="33" ordinal="8" sl="33" sc="1" el="33" ec="2" bec="0" bev="0" fileid="2" />
                <SequencePoint vc="8" upsid="34" ordinal="9" sl="34" sc="1" el="34" ec="2" bec="0" bev="0" fileid="2" />
                <SequencePoint vc="4" upsid="36" ordinal="10" sl="36" sc="1" el="36" ec="2" bec="0" bev="0" fileid="2" />
                <SequencePoint vc="0" upsid="37" ordinal="11" sl="37" sc="1" el="37" ec="2" bec="0" bev="0" fileid="2" />
              </SequencePoints>
              <BranchPoints />
              <MethodPoint vc="60" upsid="0" d8p1:type="SequencePoint" ordinal="1" offset="1" sc="0" sl="25" ec="1" el="37" bec="0" bev="0" fileid="2" xmlns:d8p1="xsi" />
            </Method>
          </Methods>
        </Class>
        <Class>
          <Summary numSequencePoints="12" visitedSequencePoints="4" numBranchPoints="0" visitedBranchPoints="0" sequenceCoverage="0" branchCoverage="0" maxCyclomaticComplexity="0" minCyclomaticComplexity="0" visitedClasses="1" numClasses="1" visitedMethods="0" numMethods="2" />
          <FullName>Fractional.Extentions.StringExtentions</FullName>
          <Methods>
            <Method cyclomaticComplexity="0" nPathComplexity="0" sequenceCoverage="0" branchCoverage="0" isConstructor="False" isGetter="False" isSetter="False" isStatic="True">
              <Summary numSequencePoints="6" visitedSequencePoints="2" numBranchPoints="0" visitedBranchPoints="0" sequenceCoverage="0" branchCoverage="0" maxCyclomaticComplexity="0" minCyclomaticComplexity="0" visitedClasses="0" numClasses="0" visitedMethods="1" numMethods="1" />
              <MetadataToken />
              <Name>System.Boolean Fractional.Extentions.StringExtentions::IsMixedFractional(System.String)</Name>
              <FileRef uid="3" />
              <SequencePoints>
                <SequencePoint vc="108" upsid="21" ordinal="0" sl="21" sc="1" el="21" ec="2" bec="0" bev="0" fileid="3" />
                <SequencePoint vc="108" upsid="22" ordinal="1" sl="22" sc="1" el="22" ec="2" bec="0" bev="0" fileid="3" />
                <SequencePoint vc="0" upsid="23" ordinal="2" sl="23" sc="1" el="23" ec="2" bec="0" bev="0" fileid="3" />
                <SequencePoint vc="0" upsid="24" ordinal="3" sl="24" sc="1" el="24" ec="2" bec="0" bev="0" fileid="3" />
                <SequencePoint vc="0" upsid="26" ordinal="4" sl="26" sc="1" el="26" ec="2" bec="0" bev="0" fileid="3" />
                <SequencePoint vc="0" upsid="27" ordinal="5" sl="27" sc="1" el="27" ec="2" bec="0" bev="0" fileid="3" />
              </SequencePoints>
              <BranchPoints />
              <MethodPoint vc="216" upsid="0" d8p1:type="SequencePoint" ordinal="0" offset="0" sc="0" sl="21" ec="1" el="27" bec="0" bev="0" fileid="3" xmlns:d8p1="xsi" />
            </Method>
            <Method cyclomaticComplexity="0" nPathComplexity="0" sequenceCoverage="0" branchCoverage="0" isConstructor="False" isGetter="False" isSetter="False" isStatic="True">
              <Summary numSequencePoints="6" visitedSequencePoints="2" numBranchPoints="0" visitedBranchPoints="0" sequenceCoverage="0" branchCoverage="0" maxCyclomaticComplexity="0" minCyclomaticComplexity="0" visitedClasses="0" numClasses="0" visitedMethods="1" numMethods="1" />
              <MetadataToken />
              <Name>System.Boolean Fractional.Extentions.StringExtentions::IsSimpleFractional(System.String)</Name>
              <FileRef uid="3" />
              <SequencePoints>
                <SequencePoint vc="81" upsid="36" ordinal="0" sl="36" sc="1" el="36" ec="2" bec="0" bev="0" fileid="3" />
                <SequencePoint vc="81" upsid="37" ordinal="1" sl="37" sc="1" el="37" ec="2" bec="0" bev="0" fileid="3" />
                <SequencePoint vc="0" upsid="38" ordinal="2" sl="38" sc="1" el="38" ec="2" bec="0" bev="0" fileid="3" />
                <SequencePoint vc="0" upsid="39" ordinal="3" sl="39" sc="1" el="39" ec="2" bec="0" bev="0" fileid="3" />
                <SequencePoint vc="0" upsid="42" ordinal="4" sl="42" sc="1" el="42" ec="2" bec="0" bev="0" fileid="3" />
                <SequencePoint vc="0" upsid="43" ordinal="5" sl="43" sc="1" el="43" ec="2" bec="0" bev="0" fileid="3" />
              </SequencePoints>
              <BranchPoints />
              <MethodPoint vc="162" upsid="0" d8p1:type="SequencePoint" ordinal="1" offset="1" sc="0" sl="36" ec="1" el="43" bec="0" bev="0" fileid="3" xmlns:d8p1="xsi" />
            </Method>
          </Methods>
        </Class>
      </Classes>
    </Module>
  </Modules>
</CoverageSession>